[2023-09-09T06:37:24.710+0000] {processor.py:157} INFO - Started process (PID=35) to work on /home/airflow/.local/lib/python3.8/site-packages/airflow/example_dags/example_short_circuit_operator.py
[2023-09-09T06:37:24.727+0000] {processor.py:829} INFO - Processing file /home/airflow/.local/lib/python3.8/site-packages/airflow/example_dags/example_short_circuit_operator.py for tasks to queue
[2023-09-09T06:37:24.785+0000] {logging_mixin.py:151} INFO - [2023-09-09T06:37:24.777+0000] {dagbag.py:539} INFO - Filling up the DagBag from /home/airflow/.local/lib/python3.8/site-packages/airflow/example_dags/example_short_circuit_operator.py
[2023-09-09T06:37:24.809+0000] {processor.py:839} INFO - DAG(s) dict_keys(['example_short_circuit_operator']) retrieved from /home/airflow/.local/lib/python3.8/site-packages/airflow/example_dags/example_short_circuit_operator.py
[2023-09-09T06:37:24.874+0000] {logging_mixin.py:151} INFO - [2023-09-09T06:37:24.873+0000] {dag.py:2915} INFO - Sync 1 DAGs
[2023-09-09T06:37:24.916+0000] {logging_mixin.py:151} INFO - [2023-09-09T06:37:24.915+0000] {dag.py:3696} INFO - Setting next_dagrun for example_short_circuit_operator to 2023-09-08T06:37:24.915471+00:00, run_after=2023-09-09T06:37:24.915471+00:00
[2023-09-09T06:37:24.948+0000] {processor.py:179} INFO - Processing /home/airflow/.local/lib/python3.8/site-packages/airflow/example_dags/example_short_circuit_operator.py took 0.257 seconds
[2023-09-09T06:37:56.864+0000] {processor.py:157} INFO - Started process (PID=91) to work on /home/airflow/.local/lib/python3.8/site-packages/airflow/example_dags/example_short_circuit_operator.py
[2023-09-09T06:37:56.873+0000] {processor.py:829} INFO - Processing file /home/airflow/.local/lib/python3.8/site-packages/airflow/example_dags/example_short_circuit_operator.py for tasks to queue
[2023-09-09T06:37:56.968+0000] {logging_mixin.py:151} INFO - [2023-09-09T06:37:56.943+0000] {dagbag.py:539} INFO - Filling up the DagBag from /home/airflow/.local/lib/python3.8/site-packages/airflow/example_dags/example_short_circuit_operator.py
[2023-09-09T06:37:57.096+0000] {processor.py:839} INFO - DAG(s) dict_keys(['example_short_circuit_operator']) retrieved from /home/airflow/.local/lib/python3.8/site-packages/airflow/example_dags/example_short_circuit_operator.py
[2023-09-09T06:37:57.338+0000] {logging_mixin.py:151} INFO - [2023-09-09T06:37:57.338+0000] {dag.py:2915} INFO - Sync 1 DAGs
[2023-09-09T06:37:57.497+0000] {logging_mixin.py:151} INFO - [2023-09-09T06:37:57.494+0000] {dag.py:3696} INFO - Setting next_dagrun for example_short_circuit_operator to 2023-09-08T06:37:57.487106+00:00, run_after=2023-09-09T06:37:57.487106+00:00
[2023-09-09T06:37:58.482+0000] {processor.py:179} INFO - Processing /home/airflow/.local/lib/python3.8/site-packages/airflow/example_dags/example_short_circuit_operator.py took 2.486 seconds
[2023-09-09T06:38:29.473+0000] {processor.py:157} INFO - Started process (PID=146) to work on /home/airflow/.local/lib/python3.8/site-packages/airflow/example_dags/example_short_circuit_operator.py
[2023-09-09T06:38:29.476+0000] {processor.py:829} INFO - Processing file /home/airflow/.local/lib/python3.8/site-packages/airflow/example_dags/example_short_circuit_operator.py for tasks to queue
[2023-09-09T06:38:29.490+0000] {logging_mixin.py:151} INFO - [2023-09-09T06:38:29.489+0000] {dagbag.py:539} INFO - Filling up the DagBag from /home/airflow/.local/lib/python3.8/site-packages/airflow/example_dags/example_short_circuit_operator.py
[2023-09-09T06:38:29.554+0000] {processor.py:839} INFO - DAG(s) dict_keys(['example_short_circuit_operator']) retrieved from /home/airflow/.local/lib/python3.8/site-packages/airflow/example_dags/example_short_circuit_operator.py
[2023-09-09T06:38:29.705+0000] {logging_mixin.py:151} INFO - [2023-09-09T06:38:29.704+0000] {dag.py:2915} INFO - Sync 1 DAGs
[2023-09-09T06:38:29.805+0000] {logging_mixin.py:151} INFO - [2023-09-09T06:38:29.805+0000] {dag.py:3696} INFO - Setting next_dagrun for example_short_circuit_operator to 2023-09-08T06:38:29.804745+00:00, run_after=2023-09-09T06:38:29.804745+00:00
[2023-09-09T06:38:29.832+0000] {processor.py:179} INFO - Processing /home/airflow/.local/lib/python3.8/site-packages/airflow/example_dags/example_short_circuit_operator.py took 0.393 seconds
[2023-09-09T06:39:04.303+0000] {processor.py:157} INFO - Started process (PID=201) to work on /home/airflow/.local/lib/python3.8/site-packages/airflow/example_dags/example_short_circuit_operator.py
[2023-09-09T06:39:04.359+0000] {processor.py:829} INFO - Processing file /home/airflow/.local/lib/python3.8/site-packages/airflow/example_dags/example_short_circuit_operator.py for tasks to queue
[2023-09-09T06:39:04.433+0000] {logging_mixin.py:151} INFO - [2023-09-09T06:39:04.421+0000] {dagbag.py:539} INFO - Filling up the DagBag from /home/airflow/.local/lib/python3.8/site-packages/airflow/example_dags/example_short_circuit_operator.py
[2023-09-09T06:39:04.677+0000] {processor.py:839} INFO - DAG(s) dict_keys(['example_short_circuit_operator']) retrieved from /home/airflow/.local/lib/python3.8/site-packages/airflow/example_dags/example_short_circuit_operator.py
[2023-09-09T06:39:09.131+0000] {logging_mixin.py:151} INFO - [2023-09-09T06:39:09.131+0000] {dag.py:2915} INFO - Sync 1 DAGs
[2023-09-09T06:39:09.279+0000] {logging_mixin.py:151} INFO - [2023-09-09T06:39:09.279+0000] {dag.py:3696} INFO - Setting next_dagrun for example_short_circuit_operator to 2023-09-08T06:39:09.272337+00:00, run_after=2023-09-09T06:39:09.272337+00:00
[2023-09-09T06:39:09.349+0000] {processor.py:179} INFO - Processing /home/airflow/.local/lib/python3.8/site-packages/airflow/example_dags/example_short_circuit_operator.py took 5.240 seconds
[2023-09-09T06:39:39.781+0000] {processor.py:157} INFO - Started process (PID=255) to work on /home/airflow/.local/lib/python3.8/site-packages/airflow/example_dags/example_short_circuit_operator.py
[2023-09-09T06:39:39.792+0000] {processor.py:829} INFO - Processing file /home/airflow/.local/lib/python3.8/site-packages/airflow/example_dags/example_short_circuit_operator.py for tasks to queue
[2023-09-09T06:39:39.829+0000] {logging_mixin.py:151} INFO - [2023-09-09T06:39:39.821+0000] {dagbag.py:539} INFO - Filling up the DagBag from /home/airflow/.local/lib/python3.8/site-packages/airflow/example_dags/example_short_circuit_operator.py
[2023-09-09T06:39:39.965+0000] {processor.py:839} INFO - DAG(s) dict_keys(['example_short_circuit_operator']) retrieved from /home/airflow/.local/lib/python3.8/site-packages/airflow/example_dags/example_short_circuit_operator.py
[2023-09-09T06:39:41.011+0000] {logging_mixin.py:151} INFO - [2023-09-09T06:39:40.996+0000] {dag.py:2915} INFO - Sync 1 DAGs
[2023-09-09T06:39:41.409+0000] {logging_mixin.py:151} INFO - [2023-09-09T06:39:41.408+0000] {dag.py:3696} INFO - Setting next_dagrun for example_short_circuit_operator to 2023-09-08T06:39:41.397404+00:00, run_after=2023-09-09T06:39:41.397404+00:00
[2023-09-09T06:39:41.495+0000] {processor.py:179} INFO - Processing /home/airflow/.local/lib/python3.8/site-packages/airflow/example_dags/example_short_circuit_operator.py took 1.759 seconds
