[2023-09-09T06:37:37.169+0000] {processor.py:157} INFO - Started process (PID=73) to work on /home/airflow/.local/lib/python3.8/site-packages/airflow/example_dags/example_short_circuit_decorator.py
[2023-09-09T06:37:37.173+0000] {processor.py:829} INFO - Processing file /home/airflow/.local/lib/python3.8/site-packages/airflow/example_dags/example_short_circuit_decorator.py for tasks to queue
[2023-09-09T06:37:37.189+0000] {logging_mixin.py:151} INFO - [2023-09-09T06:37:37.184+0000] {dagbag.py:539} INFO - Filling up the DagBag from /home/airflow/.local/lib/python3.8/site-packages/airflow/example_dags/example_short_circuit_decorator.py
[2023-09-09T06:37:37.226+0000] {processor.py:839} INFO - DAG(s) dict_keys(['example_short_circuit_decorator']) retrieved from /home/airflow/.local/lib/python3.8/site-packages/airflow/example_dags/example_short_circuit_decorator.py
[2023-09-09T06:37:37.384+0000] {logging_mixin.py:151} INFO - [2023-09-09T06:37:37.380+0000] {dag.py:2915} INFO - Sync 1 DAGs
[2023-09-09T06:37:37.574+0000] {logging_mixin.py:151} INFO - [2023-09-09T06:37:37.572+0000] {dag.py:3696} INFO - Setting next_dagrun for example_short_circuit_decorator to 2023-09-08T06:37:37.570086+00:00, run_after=2023-09-09T06:37:37.570086+00:00
[2023-09-09T06:37:37.844+0000] {processor.py:179} INFO - Processing /home/airflow/.local/lib/python3.8/site-packages/airflow/example_dags/example_short_circuit_decorator.py took 0.682 seconds
[2023-09-09T06:38:08.400+0000] {processor.py:157} INFO - Started process (PID=129) to work on /home/airflow/.local/lib/python3.8/site-packages/airflow/example_dags/example_short_circuit_decorator.py
[2023-09-09T06:38:08.402+0000] {processor.py:829} INFO - Processing file /home/airflow/.local/lib/python3.8/site-packages/airflow/example_dags/example_short_circuit_decorator.py for tasks to queue
[2023-09-09T06:38:08.405+0000] {logging_mixin.py:151} INFO - [2023-09-09T06:38:08.405+0000] {dagbag.py:539} INFO - Filling up the DagBag from /home/airflow/.local/lib/python3.8/site-packages/airflow/example_dags/example_short_circuit_decorator.py
[2023-09-09T06:38:08.417+0000] {processor.py:839} INFO - DAG(s) dict_keys(['example_short_circuit_decorator']) retrieved from /home/airflow/.local/lib/python3.8/site-packages/airflow/example_dags/example_short_circuit_decorator.py
[2023-09-09T06:38:08.453+0000] {logging_mixin.py:151} INFO - [2023-09-09T06:38:08.452+0000] {dag.py:2915} INFO - Sync 1 DAGs
[2023-09-09T06:38:08.481+0000] {logging_mixin.py:151} INFO - [2023-09-09T06:38:08.481+0000] {dag.py:3696} INFO - Setting next_dagrun for example_short_circuit_decorator to 2023-09-08T06:38:08.480718+00:00, run_after=2023-09-09T06:38:08.480718+00:00
[2023-09-09T06:38:08.508+0000] {processor.py:179} INFO - Processing /home/airflow/.local/lib/python3.8/site-packages/airflow/example_dags/example_short_circuit_decorator.py took 0.112 seconds
[2023-09-09T06:38:43.896+0000] {processor.py:157} INFO - Started process (PID=192) to work on /home/airflow/.local/lib/python3.8/site-packages/airflow/example_dags/example_short_circuit_decorator.py
[2023-09-09T06:38:43.898+0000] {processor.py:829} INFO - Processing file /home/airflow/.local/lib/python3.8/site-packages/airflow/example_dags/example_short_circuit_decorator.py for tasks to queue
[2023-09-09T06:38:43.903+0000] {logging_mixin.py:151} INFO - [2023-09-09T06:38:43.902+0000] {dagbag.py:539} INFO - Filling up the DagBag from /home/airflow/.local/lib/python3.8/site-packages/airflow/example_dags/example_short_circuit_decorator.py
[2023-09-09T06:38:43.921+0000] {processor.py:839} INFO - DAG(s) dict_keys(['example_short_circuit_decorator']) retrieved from /home/airflow/.local/lib/python3.8/site-packages/airflow/example_dags/example_short_circuit_decorator.py
[2023-09-09T06:38:43.959+0000] {logging_mixin.py:151} INFO - [2023-09-09T06:38:43.959+0000] {dag.py:2915} INFO - Sync 1 DAGs
[2023-09-09T06:38:44.002+0000] {logging_mixin.py:151} INFO - [2023-09-09T06:38:44.002+0000] {dag.py:3696} INFO - Setting next_dagrun for example_short_circuit_decorator to 2023-09-08T06:38:44.002033+00:00, run_after=2023-09-09T06:38:44.002033+00:00
[2023-09-09T06:38:44.034+0000] {processor.py:179} INFO - Processing /home/airflow/.local/lib/python3.8/site-packages/airflow/example_dags/example_short_circuit_decorator.py took 0.144 seconds
[2023-09-09T06:39:14.116+0000] {processor.py:157} INFO - Started process (PID=246) to work on /home/airflow/.local/lib/python3.8/site-packages/airflow/example_dags/example_short_circuit_decorator.py
[2023-09-09T06:39:14.118+0000] {processor.py:829} INFO - Processing file /home/airflow/.local/lib/python3.8/site-packages/airflow/example_dags/example_short_circuit_decorator.py for tasks to queue
[2023-09-09T06:39:14.122+0000] {logging_mixin.py:151} INFO - [2023-09-09T06:39:14.122+0000] {dagbag.py:539} INFO - Filling up the DagBag from /home/airflow/.local/lib/python3.8/site-packages/airflow/example_dags/example_short_circuit_decorator.py
[2023-09-09T06:39:14.139+0000] {processor.py:839} INFO - DAG(s) dict_keys(['example_short_circuit_decorator']) retrieved from /home/airflow/.local/lib/python3.8/site-packages/airflow/example_dags/example_short_circuit_decorator.py
[2023-09-09T06:39:14.181+0000] {logging_mixin.py:151} INFO - [2023-09-09T06:39:14.180+0000] {dag.py:2915} INFO - Sync 1 DAGs
[2023-09-09T06:39:14.219+0000] {logging_mixin.py:151} INFO - [2023-09-09T06:39:14.219+0000] {dag.py:3696} INFO - Setting next_dagrun for example_short_circuit_decorator to 2023-09-08T06:39:14.218875+00:00, run_after=2023-09-09T06:39:14.218875+00:00
[2023-09-09T06:39:14.249+0000] {processor.py:179} INFO - Processing /home/airflow/.local/lib/python3.8/site-packages/airflow/example_dags/example_short_circuit_decorator.py took 0.140 seconds
