[2023-09-09T06:37:25.665+0000] {processor.py:157} INFO - Started process (PID=41) to work on /home/airflow/.local/lib/python3.8/site-packages/airflow/example_dags/example_bash_operator.py
[2023-09-09T06:37:25.667+0000] {processor.py:829} INFO - Processing file /home/airflow/.local/lib/python3.8/site-packages/airflow/example_dags/example_bash_operator.py for tasks to queue
[2023-09-09T06:37:25.671+0000] {logging_mixin.py:151} INFO - [2023-09-09T06:37:25.671+0000] {dagbag.py:539} INFO - Filling up the DagBag from /home/airflow/.local/lib/python3.8/site-packages/airflow/example_dags/example_bash_operator.py
[2023-09-09T06:37:25.707+0000] {processor.py:839} INFO - DAG(s) dict_keys(['example_bash_operator']) retrieved from /home/airflow/.local/lib/python3.8/site-packages/airflow/example_dags/example_bash_operator.py
[2023-09-09T06:37:25.735+0000] {logging_mixin.py:151} INFO - [2023-09-09T06:37:25.735+0000] {dag.py:2915} INFO - Sync 1 DAGs
[2023-09-09T06:37:25.796+0000] {logging_mixin.py:151} INFO - [2023-09-09T06:37:25.795+0000] {dag.py:3696} INFO - Setting next_dagrun for example_bash_operator to 2023-09-08T00:00:00+00:00, run_after=2023-09-09T00:00:00+00:00
[2023-09-09T06:37:25.827+0000] {processor.py:179} INFO - Processing /home/airflow/.local/lib/python3.8/site-packages/airflow/example_dags/example_bash_operator.py took 0.167 seconds
[2023-09-09T06:37:59.046+0000] {processor.py:157} INFO - Started process (PID=97) to work on /home/airflow/.local/lib/python3.8/site-packages/airflow/example_dags/example_bash_operator.py
[2023-09-09T06:37:59.049+0000] {processor.py:829} INFO - Processing file /home/airflow/.local/lib/python3.8/site-packages/airflow/example_dags/example_bash_operator.py for tasks to queue
[2023-09-09T06:37:59.054+0000] {logging_mixin.py:151} INFO - [2023-09-09T06:37:59.053+0000] {dagbag.py:539} INFO - Filling up the DagBag from /home/airflow/.local/lib/python3.8/site-packages/airflow/example_dags/example_bash_operator.py
[2023-09-09T06:37:59.071+0000] {processor.py:839} INFO - DAG(s) dict_keys(['example_bash_operator']) retrieved from /home/airflow/.local/lib/python3.8/site-packages/airflow/example_dags/example_bash_operator.py
[2023-09-09T06:37:59.109+0000] {logging_mixin.py:151} INFO - [2023-09-09T06:37:59.109+0000] {dag.py:2915} INFO - Sync 1 DAGs
[2023-09-09T06:37:59.136+0000] {logging_mixin.py:151} INFO - [2023-09-09T06:37:59.136+0000] {dag.py:3696} INFO - Setting next_dagrun for example_bash_operator to 2023-09-08T00:00:00+00:00, run_after=2023-09-09T00:00:00+00:00
[2023-09-09T06:37:59.160+0000] {processor.py:179} INFO - Processing /home/airflow/.local/lib/python3.8/site-packages/airflow/example_dags/example_bash_operator.py took 0.119 seconds
[2023-09-09T06:38:30.296+0000] {processor.py:157} INFO - Started process (PID=152) to work on /home/airflow/.local/lib/python3.8/site-packages/airflow/example_dags/example_bash_operator.py
[2023-09-09T06:38:30.298+0000] {processor.py:829} INFO - Processing file /home/airflow/.local/lib/python3.8/site-packages/airflow/example_dags/example_bash_operator.py for tasks to queue
[2023-09-09T06:38:30.302+0000] {logging_mixin.py:151} INFO - [2023-09-09T06:38:30.301+0000] {dagbag.py:539} INFO - Filling up the DagBag from /home/airflow/.local/lib/python3.8/site-packages/airflow/example_dags/example_bash_operator.py
[2023-09-09T06:38:30.320+0000] {processor.py:839} INFO - DAG(s) dict_keys(['example_bash_operator']) retrieved from /home/airflow/.local/lib/python3.8/site-packages/airflow/example_dags/example_bash_operator.py
[2023-09-09T06:38:30.380+0000] {logging_mixin.py:151} INFO - [2023-09-09T06:38:30.378+0000] {dag.py:2915} INFO - Sync 1 DAGs
[2023-09-09T06:38:30.416+0000] {logging_mixin.py:151} INFO - [2023-09-09T06:38:30.416+0000] {dag.py:3696} INFO - Setting next_dagrun for example_bash_operator to 2023-09-08T00:00:00+00:00, run_after=2023-09-09T00:00:00+00:00
[2023-09-09T06:38:30.443+0000] {processor.py:179} INFO - Processing /home/airflow/.local/lib/python3.8/site-packages/airflow/example_dags/example_bash_operator.py took 0.151 seconds
[2023-09-09T06:39:10.084+0000] {processor.py:157} INFO - Started process (PID=207) to work on /home/airflow/.local/lib/python3.8/site-packages/airflow/example_dags/example_bash_operator.py
[2023-09-09T06:39:10.086+0000] {processor.py:829} INFO - Processing file /home/airflow/.local/lib/python3.8/site-packages/airflow/example_dags/example_bash_operator.py for tasks to queue
[2023-09-09T06:39:10.091+0000] {logging_mixin.py:151} INFO - [2023-09-09T06:39:10.090+0000] {dagbag.py:539} INFO - Filling up the DagBag from /home/airflow/.local/lib/python3.8/site-packages/airflow/example_dags/example_bash_operator.py
[2023-09-09T06:39:10.137+0000] {processor.py:839} INFO - DAG(s) dict_keys(['example_bash_operator']) retrieved from /home/airflow/.local/lib/python3.8/site-packages/airflow/example_dags/example_bash_operator.py
[2023-09-09T06:39:10.237+0000] {logging_mixin.py:151} INFO - [2023-09-09T06:39:10.237+0000] {dag.py:2915} INFO - Sync 1 DAGs
[2023-09-09T06:39:10.278+0000] {logging_mixin.py:151} INFO - [2023-09-09T06:39:10.277+0000] {dag.py:3696} INFO - Setting next_dagrun for example_bash_operator to 2023-09-08T00:00:00+00:00, run_after=2023-09-09T00:00:00+00:00
[2023-09-09T06:39:10.310+0000] {processor.py:179} INFO - Processing /home/airflow/.local/lib/python3.8/site-packages/airflow/example_dags/example_bash_operator.py took 0.232 seconds
