[2023-09-09T06:37:38.160+0000] {processor.py:157} INFO - Started process (PID=75) to work on /home/airflow/.local/lib/python3.8/site-packages/airflow/example_dags/example_sla_dag.py
[2023-09-09T06:37:38.162+0000] {processor.py:829} INFO - Processing file /home/airflow/.local/lib/python3.8/site-packages/airflow/example_dags/example_sla_dag.py for tasks to queue
[2023-09-09T06:37:38.166+0000] {logging_mixin.py:151} INFO - [2023-09-09T06:37:38.165+0000] {dagbag.py:539} INFO - Filling up the DagBag from /home/airflow/.local/lib/python3.8/site-packages/airflow/example_dags/example_sla_dag.py
[2023-09-09T06:37:38.197+0000] {processor.py:839} INFO - DAG(s) dict_keys(['example_sla_dag']) retrieved from /home/airflow/.local/lib/python3.8/site-packages/airflow/example_dags/example_sla_dag.py
[2023-09-09T06:37:38.379+0000] {logging_mixin.py:151} INFO - [2023-09-09T06:37:38.354+0000] {dag.py:2915} INFO - Sync 1 DAGs
[2023-09-09T06:37:38.520+0000] {logging_mixin.py:151} INFO - [2023-09-09T06:37:38.520+0000] {dag.py:3696} INFO - Setting next_dagrun for example_sla_dag to 2023-09-09T06:34:00+00:00, run_after=2023-09-09T06:36:00+00:00
[2023-09-09T06:37:38.700+0000] {processor.py:179} INFO - Processing /home/airflow/.local/lib/python3.8/site-packages/airflow/example_dags/example_sla_dag.py took 0.545 seconds
[2023-09-09T06:38:09.418+0000] {processor.py:157} INFO - Started process (PID=131) to work on /home/airflow/.local/lib/python3.8/site-packages/airflow/example_dags/example_sla_dag.py
[2023-09-09T06:38:09.420+0000] {processor.py:829} INFO - Processing file /home/airflow/.local/lib/python3.8/site-packages/airflow/example_dags/example_sla_dag.py for tasks to queue
[2023-09-09T06:38:09.424+0000] {logging_mixin.py:151} INFO - [2023-09-09T06:38:09.423+0000] {dagbag.py:539} INFO - Filling up the DagBag from /home/airflow/.local/lib/python3.8/site-packages/airflow/example_dags/example_sla_dag.py
[2023-09-09T06:38:09.444+0000] {processor.py:839} INFO - DAG(s) dict_keys(['example_sla_dag']) retrieved from /home/airflow/.local/lib/python3.8/site-packages/airflow/example_dags/example_sla_dag.py
[2023-09-09T06:38:09.474+0000] {logging_mixin.py:151} INFO - [2023-09-09T06:38:09.474+0000] {dag.py:2915} INFO - Sync 1 DAGs
[2023-09-09T06:38:09.512+0000] {logging_mixin.py:151} INFO - [2023-09-09T06:38:09.512+0000] {dag.py:3696} INFO - Setting next_dagrun for example_sla_dag to 2023-09-09T06:36:00+00:00, run_after=2023-09-09T06:38:00+00:00
[2023-09-09T06:38:09.543+0000] {processor.py:179} INFO - Processing /home/airflow/.local/lib/python3.8/site-packages/airflow/example_dags/example_sla_dag.py took 0.130 seconds
[2023-09-09T06:38:44.084+0000] {processor.py:157} INFO - Started process (PID=194) to work on /home/airflow/.local/lib/python3.8/site-packages/airflow/example_dags/example_sla_dag.py
[2023-09-09T06:38:44.086+0000] {processor.py:829} INFO - Processing file /home/airflow/.local/lib/python3.8/site-packages/airflow/example_dags/example_sla_dag.py for tasks to queue
[2023-09-09T06:38:44.090+0000] {logging_mixin.py:151} INFO - [2023-09-09T06:38:44.090+0000] {dagbag.py:539} INFO - Filling up the DagBag from /home/airflow/.local/lib/python3.8/site-packages/airflow/example_dags/example_sla_dag.py
[2023-09-09T06:38:44.106+0000] {processor.py:839} INFO - DAG(s) dict_keys(['example_sla_dag']) retrieved from /home/airflow/.local/lib/python3.8/site-packages/airflow/example_dags/example_sla_dag.py
[2023-09-09T06:38:44.135+0000] {logging_mixin.py:151} INFO - [2023-09-09T06:38:44.135+0000] {dag.py:2915} INFO - Sync 1 DAGs
[2023-09-09T06:38:44.169+0000] {logging_mixin.py:151} INFO - [2023-09-09T06:38:44.169+0000] {dag.py:3696} INFO - Setting next_dagrun for example_sla_dag to 2023-09-09T06:36:00+00:00, run_after=2023-09-09T06:38:00+00:00
[2023-09-09T06:38:44.192+0000] {processor.py:179} INFO - Processing /home/airflow/.local/lib/python3.8/site-packages/airflow/example_dags/example_sla_dag.py took 0.113 seconds
[2023-09-09T06:39:14.249+0000] {processor.py:157} INFO - Started process (PID=247) to work on /home/airflow/.local/lib/python3.8/site-packages/airflow/example_dags/example_sla_dag.py
[2023-09-09T06:39:14.251+0000] {processor.py:829} INFO - Processing file /home/airflow/.local/lib/python3.8/site-packages/airflow/example_dags/example_sla_dag.py for tasks to queue
[2023-09-09T06:39:14.256+0000] {logging_mixin.py:151} INFO - [2023-09-09T06:39:14.255+0000] {dagbag.py:539} INFO - Filling up the DagBag from /home/airflow/.local/lib/python3.8/site-packages/airflow/example_dags/example_sla_dag.py
[2023-09-09T06:39:14.274+0000] {processor.py:839} INFO - DAG(s) dict_keys(['example_sla_dag']) retrieved from /home/airflow/.local/lib/python3.8/site-packages/airflow/example_dags/example_sla_dag.py
[2023-09-09T06:39:14.314+0000] {logging_mixin.py:151} INFO - [2023-09-09T06:39:14.314+0000] {dag.py:2915} INFO - Sync 1 DAGs
[2023-09-09T06:39:14.353+0000] {logging_mixin.py:151} INFO - [2023-09-09T06:39:14.352+0000] {dag.py:3696} INFO - Setting next_dagrun for example_sla_dag to 2023-09-09T06:36:00+00:00, run_after=2023-09-09T06:38:00+00:00
[2023-09-09T06:39:14.378+0000] {processor.py:179} INFO - Processing /home/airflow/.local/lib/python3.8/site-packages/airflow/example_dags/example_sla_dag.py took 0.134 seconds
