[2023-09-09T06:37:35.075+0000] {processor.py:157} INFO - Started process (PID=67) to work on /home/airflow/.local/lib/python3.8/site-packages/airflow/example_dags/example_setup_teardown.py
[2023-09-09T06:37:35.080+0000] {processor.py:829} INFO - Processing file /home/airflow/.local/lib/python3.8/site-packages/airflow/example_dags/example_setup_teardown.py for tasks to queue
[2023-09-09T06:37:35.090+0000] {logging_mixin.py:151} INFO - [2023-09-09T06:37:35.089+0000] {dagbag.py:539} INFO - Filling up the DagBag from /home/airflow/.local/lib/python3.8/site-packages/airflow/example_dags/example_setup_teardown.py
[2023-09-09T06:37:35.151+0000] {processor.py:839} INFO - DAG(s) dict_keys(['example_setup_teardown']) retrieved from /home/airflow/.local/lib/python3.8/site-packages/airflow/example_dags/example_setup_teardown.py
[2023-09-09T06:37:35.841+0000] {logging_mixin.py:151} INFO - [2023-09-09T06:37:35.840+0000] {dag.py:2915} INFO - Sync 1 DAGs
[2023-09-09T06:37:35.982+0000] {logging_mixin.py:151} INFO - [2023-09-09T06:37:35.981+0000] {dag.py:3696} INFO - Setting next_dagrun for example_setup_teardown to 2023-09-08T06:37:35.978492+00:00, run_after=2023-09-09T06:37:35.978492+00:00
[2023-09-09T06:37:36.040+0000] {processor.py:179} INFO - Processing /home/airflow/.local/lib/python3.8/site-packages/airflow/example_dags/example_setup_teardown.py took 0.979 seconds
[2023-09-09T06:38:06.186+0000] {processor.py:157} INFO - Started process (PID=123) to work on /home/airflow/.local/lib/python3.8/site-packages/airflow/example_dags/example_setup_teardown.py
[2023-09-09T06:38:06.188+0000] {processor.py:829} INFO - Processing file /home/airflow/.local/lib/python3.8/site-packages/airflow/example_dags/example_setup_teardown.py for tasks to queue
[2023-09-09T06:38:06.192+0000] {logging_mixin.py:151} INFO - [2023-09-09T06:38:06.192+0000] {dagbag.py:539} INFO - Filling up the DagBag from /home/airflow/.local/lib/python3.8/site-packages/airflow/example_dags/example_setup_teardown.py
[2023-09-09T06:38:06.204+0000] {processor.py:839} INFO - DAG(s) dict_keys(['example_setup_teardown']) retrieved from /home/airflow/.local/lib/python3.8/site-packages/airflow/example_dags/example_setup_teardown.py
[2023-09-09T06:38:06.245+0000] {logging_mixin.py:151} INFO - [2023-09-09T06:38:06.245+0000] {dag.py:2915} INFO - Sync 1 DAGs
[2023-09-09T06:38:06.276+0000] {logging_mixin.py:151} INFO - [2023-09-09T06:38:06.275+0000] {dag.py:3696} INFO - Setting next_dagrun for example_setup_teardown to 2023-09-08T06:38:06.275618+00:00, run_after=2023-09-09T06:38:06.275618+00:00
[2023-09-09T06:38:06.297+0000] {processor.py:179} INFO - Processing /home/airflow/.local/lib/python3.8/site-packages/airflow/example_dags/example_setup_teardown.py took 0.117 seconds
[2023-09-09T06:38:43.393+0000] {processor.py:157} INFO - Started process (PID=186) to work on /home/airflow/.local/lib/python3.8/site-packages/airflow/example_dags/example_setup_teardown.py
[2023-09-09T06:38:43.396+0000] {processor.py:829} INFO - Processing file /home/airflow/.local/lib/python3.8/site-packages/airflow/example_dags/example_setup_teardown.py for tasks to queue
[2023-09-09T06:38:43.401+0000] {logging_mixin.py:151} INFO - [2023-09-09T06:38:43.400+0000] {dagbag.py:539} INFO - Filling up the DagBag from /home/airflow/.local/lib/python3.8/site-packages/airflow/example_dags/example_setup_teardown.py
[2023-09-09T06:38:43.414+0000] {processor.py:839} INFO - DAG(s) dict_keys(['example_setup_teardown']) retrieved from /home/airflow/.local/lib/python3.8/site-packages/airflow/example_dags/example_setup_teardown.py
[2023-09-09T06:38:43.416+0000] {logging_mixin.py:151} INFO - [2023-09-09T06:38:43.415+0000] {dag.py:2915} INFO - Sync 1 DAGs
[2023-09-09T06:38:43.457+0000] {logging_mixin.py:151} INFO - [2023-09-09T06:38:43.456+0000] {dag.py:3696} INFO - Setting next_dagrun for example_setup_teardown to 2023-09-08T06:38:43.451513+00:00, run_after=2023-09-09T06:38:43.451513+00:00
[2023-09-09T06:38:43.489+0000] {processor.py:179} INFO - Processing /home/airflow/.local/lib/python3.8/site-packages/airflow/example_dags/example_setup_teardown.py took 0.139 seconds
[2023-09-09T06:39:13.632+0000] {processor.py:157} INFO - Started process (PID=240) to work on /home/airflow/.local/lib/python3.8/site-packages/airflow/example_dags/example_setup_teardown.py
[2023-09-09T06:39:13.635+0000] {processor.py:829} INFO - Processing file /home/airflow/.local/lib/python3.8/site-packages/airflow/example_dags/example_setup_teardown.py for tasks to queue
[2023-09-09T06:39:13.641+0000] {logging_mixin.py:151} INFO - [2023-09-09T06:39:13.641+0000] {dagbag.py:539} INFO - Filling up the DagBag from /home/airflow/.local/lib/python3.8/site-packages/airflow/example_dags/example_setup_teardown.py
[2023-09-09T06:39:13.656+0000] {processor.py:839} INFO - DAG(s) dict_keys(['example_setup_teardown']) retrieved from /home/airflow/.local/lib/python3.8/site-packages/airflow/example_dags/example_setup_teardown.py
[2023-09-09T06:39:13.701+0000] {logging_mixin.py:151} INFO - [2023-09-09T06:39:13.701+0000] {dag.py:2915} INFO - Sync 1 DAGs
[2023-09-09T06:39:13.730+0000] {logging_mixin.py:151} INFO - [2023-09-09T06:39:13.730+0000] {dag.py:3696} INFO - Setting next_dagrun for example_setup_teardown to 2023-09-08T06:39:13.730243+00:00, run_after=2023-09-09T06:39:13.730243+00:00
[2023-09-09T06:39:13.763+0000] {processor.py:179} INFO - Processing /home/airflow/.local/lib/python3.8/site-packages/airflow/example_dags/example_setup_teardown.py took 0.138 seconds
