[2023-09-09T06:37:33.807+0000] {processor.py:157} INFO - Started process (PID=66) to work on /home/airflow/.local/lib/python3.8/site-packages/airflow/example_dags/example_xcom.py
[2023-09-09T06:37:33.816+0000] {processor.py:829} INFO - Processing file /home/airflow/.local/lib/python3.8/site-packages/airflow/example_dags/example_xcom.py for tasks to queue
[2023-09-09T06:37:33.830+0000] {logging_mixin.py:151} INFO - [2023-09-09T06:37:33.827+0000] {dagbag.py:539} INFO - Filling up the DagBag from /home/airflow/.local/lib/python3.8/site-packages/airflow/example_dags/example_xcom.py
[2023-09-09T06:37:33.878+0000] {processor.py:839} INFO - DAG(s) dict_keys(['example_xcom']) retrieved from /home/airflow/.local/lib/python3.8/site-packages/airflow/example_dags/example_xcom.py
[2023-09-09T06:37:35.082+0000] {logging_mixin.py:151} INFO - [2023-09-09T06:37:35.080+0000] {dag.py:2915} INFO - Sync 1 DAGs
[2023-09-09T06:37:35.840+0000] {logging_mixin.py:151} INFO - [2023-09-09T06:37:35.836+0000] {dag.py:3696} INFO - Setting next_dagrun for example_xcom to 2021-01-01T00:00:00+00:00, run_after=2021-01-01T00:00:00+00:00
[2023-09-09T06:37:35.976+0000] {processor.py:179} INFO - Processing /home/airflow/.local/lib/python3.8/site-packages/airflow/example_dags/example_xcom.py took 2.193 seconds
[2023-09-09T06:38:06.025+0000] {processor.py:157} INFO - Started process (PID=122) to work on /home/airflow/.local/lib/python3.8/site-packages/airflow/example_dags/example_xcom.py
[2023-09-09T06:38:06.028+0000] {processor.py:829} INFO - Processing file /home/airflow/.local/lib/python3.8/site-packages/airflow/example_dags/example_xcom.py for tasks to queue
[2023-09-09T06:38:06.034+0000] {logging_mixin.py:151} INFO - [2023-09-09T06:38:06.034+0000] {dagbag.py:539} INFO - Filling up the DagBag from /home/airflow/.local/lib/python3.8/site-packages/airflow/example_dags/example_xcom.py
[2023-09-09T06:38:06.051+0000] {processor.py:839} INFO - DAG(s) dict_keys(['example_xcom']) retrieved from /home/airflow/.local/lib/python3.8/site-packages/airflow/example_dags/example_xcom.py
[2023-09-09T06:38:06.078+0000] {logging_mixin.py:151} INFO - [2023-09-09T06:38:06.077+0000] {dag.py:2915} INFO - Sync 1 DAGs
[2023-09-09T06:38:06.109+0000] {logging_mixin.py:151} INFO - [2023-09-09T06:38:06.109+0000] {dag.py:3696} INFO - Setting next_dagrun for example_xcom to 2021-01-01T00:00:00+00:00, run_after=2021-01-01T00:00:00+00:00
[2023-09-09T06:38:06.144+0000] {processor.py:179} INFO - Processing /home/airflow/.local/lib/python3.8/site-packages/airflow/example_dags/example_xcom.py took 0.124 seconds
[2023-09-09T06:38:43.110+0000] {processor.py:157} INFO - Started process (PID=185) to work on /home/airflow/.local/lib/python3.8/site-packages/airflow/example_dags/example_xcom.py
[2023-09-09T06:38:43.116+0000] {processor.py:829} INFO - Processing file /home/airflow/.local/lib/python3.8/site-packages/airflow/example_dags/example_xcom.py for tasks to queue
[2023-09-09T06:38:43.157+0000] {logging_mixin.py:151} INFO - [2023-09-09T06:38:43.152+0000] {dagbag.py:539} INFO - Filling up the DagBag from /home/airflow/.local/lib/python3.8/site-packages/airflow/example_dags/example_xcom.py
[2023-09-09T06:38:43.226+0000] {processor.py:839} INFO - DAG(s) dict_keys(['example_xcom']) retrieved from /home/airflow/.local/lib/python3.8/site-packages/airflow/example_dags/example_xcom.py
[2023-09-09T06:38:43.308+0000] {logging_mixin.py:151} INFO - [2023-09-09T06:38:43.307+0000] {dag.py:2915} INFO - Sync 1 DAGs
[2023-09-09T06:38:43.335+0000] {logging_mixin.py:151} INFO - [2023-09-09T06:38:43.334+0000] {dag.py:3696} INFO - Setting next_dagrun for example_xcom to 2021-01-01T00:00:00+00:00, run_after=2021-01-01T00:00:00+00:00
[2023-09-09T06:38:43.358+0000] {processor.py:179} INFO - Processing /home/airflow/.local/lib/python3.8/site-packages/airflow/example_dags/example_xcom.py took 0.304 seconds
[2023-09-09T06:39:13.592+0000] {processor.py:157} INFO - Started process (PID=239) to work on /home/airflow/.local/lib/python3.8/site-packages/airflow/example_dags/example_xcom.py
[2023-09-09T06:39:13.594+0000] {processor.py:829} INFO - Processing file /home/airflow/.local/lib/python3.8/site-packages/airflow/example_dags/example_xcom.py for tasks to queue
[2023-09-09T06:39:13.600+0000] {logging_mixin.py:151} INFO - [2023-09-09T06:39:13.600+0000] {dagbag.py:539} INFO - Filling up the DagBag from /home/airflow/.local/lib/python3.8/site-packages/airflow/example_dags/example_xcom.py
[2023-09-09T06:39:13.615+0000] {processor.py:839} INFO - DAG(s) dict_keys(['example_xcom']) retrieved from /home/airflow/.local/lib/python3.8/site-packages/airflow/example_dags/example_xcom.py
[2023-09-09T06:39:13.662+0000] {logging_mixin.py:151} INFO - [2023-09-09T06:39:13.662+0000] {dag.py:2915} INFO - Sync 1 DAGs
[2023-09-09T06:39:13.705+0000] {logging_mixin.py:151} INFO - [2023-09-09T06:39:13.705+0000] {dag.py:3696} INFO - Setting next_dagrun for example_xcom to 2021-01-01T00:00:00+00:00, run_after=2021-01-01T00:00:00+00:00
[2023-09-09T06:39:13.730+0000] {processor.py:179} INFO - Processing /home/airflow/.local/lib/python3.8/site-packages/airflow/example_dags/example_xcom.py took 0.144 seconds
