[2023-09-09T06:37:27.431+0000] {processor.py:157} INFO - Started process (PID=56) to work on /home/airflow/.local/lib/python3.8/site-packages/airflow/example_dags/example_external_task_marker_dag.py
[2023-09-09T06:37:27.433+0000] {processor.py:829} INFO - Processing file /home/airflow/.local/lib/python3.8/site-packages/airflow/example_dags/example_external_task_marker_dag.py for tasks to queue
[2023-09-09T06:37:27.438+0000] {logging_mixin.py:151} INFO - [2023-09-09T06:37:27.437+0000] {dagbag.py:539} INFO - Filling up the DagBag from /home/airflow/.local/lib/python3.8/site-packages/airflow/example_dags/example_external_task_marker_dag.py
[2023-09-09T06:37:27.450+0000] {processor.py:839} INFO - DAG(s) dict_keys(['example_external_task_marker_parent', 'example_external_task_marker_child']) retrieved from /home/airflow/.local/lib/python3.8/site-packages/airflow/example_dags/example_external_task_marker_dag.py
[2023-09-09T06:37:27.474+0000] {logging_mixin.py:151} INFO - [2023-09-09T06:37:27.473+0000] {dag.py:2915} INFO - Sync 2 DAGs
[2023-09-09T06:37:27.493+0000] {logging_mixin.py:151} INFO - [2023-09-09T06:37:27.492+0000] {dag.py:3696} INFO - Setting next_dagrun for example_external_task_marker_child to None, run_after=None
[2023-09-09T06:37:27.498+0000] {logging_mixin.py:151} INFO - [2023-09-09T06:37:27.498+0000] {dag.py:3696} INFO - Setting next_dagrun for example_external_task_marker_parent to None, run_after=None
[2023-09-09T06:37:27.533+0000] {processor.py:179} INFO - Processing /home/airflow/.local/lib/python3.8/site-packages/airflow/example_dags/example_external_task_marker_dag.py took 0.107 seconds
[2023-09-09T06:38:00.110+0000] {processor.py:157} INFO - Started process (PID=111) to work on /home/airflow/.local/lib/python3.8/site-packages/airflow/example_dags/example_external_task_marker_dag.py
[2023-09-09T06:38:00.112+0000] {processor.py:829} INFO - Processing file /home/airflow/.local/lib/python3.8/site-packages/airflow/example_dags/example_external_task_marker_dag.py for tasks to queue
[2023-09-09T06:38:00.115+0000] {logging_mixin.py:151} INFO - [2023-09-09T06:38:00.115+0000] {dagbag.py:539} INFO - Filling up the DagBag from /home/airflow/.local/lib/python3.8/site-packages/airflow/example_dags/example_external_task_marker_dag.py
[2023-09-09T06:38:00.124+0000] {processor.py:839} INFO - DAG(s) dict_keys(['example_external_task_marker_child', 'example_external_task_marker_parent']) retrieved from /home/airflow/.local/lib/python3.8/site-packages/airflow/example_dags/example_external_task_marker_dag.py
[2023-09-09T06:38:00.154+0000] {logging_mixin.py:151} INFO - [2023-09-09T06:38:00.153+0000] {dag.py:2915} INFO - Sync 2 DAGs
[2023-09-09T06:38:00.169+0000] {logging_mixin.py:151} INFO - [2023-09-09T06:38:00.169+0000] {dag.py:3696} INFO - Setting next_dagrun for example_external_task_marker_child to None, run_after=None
[2023-09-09T06:38:00.180+0000] {logging_mixin.py:151} INFO - [2023-09-09T06:38:00.180+0000] {dag.py:3696} INFO - Setting next_dagrun for example_external_task_marker_parent to None, run_after=None
[2023-09-09T06:38:00.203+0000] {processor.py:179} INFO - Processing /home/airflow/.local/lib/python3.8/site-packages/airflow/example_dags/example_external_task_marker_dag.py took 0.097 seconds
[2023-09-09T06:38:31.411+0000] {processor.py:157} INFO - Started process (PID=166) to work on /home/airflow/.local/lib/python3.8/site-packages/airflow/example_dags/example_external_task_marker_dag.py
[2023-09-09T06:38:31.413+0000] {processor.py:829} INFO - Processing file /home/airflow/.local/lib/python3.8/site-packages/airflow/example_dags/example_external_task_marker_dag.py for tasks to queue
[2023-09-09T06:38:31.418+0000] {logging_mixin.py:151} INFO - [2023-09-09T06:38:31.418+0000] {dagbag.py:539} INFO - Filling up the DagBag from /home/airflow/.local/lib/python3.8/site-packages/airflow/example_dags/example_external_task_marker_dag.py
[2023-09-09T06:38:31.431+0000] {processor.py:839} INFO - DAG(s) dict_keys(['example_external_task_marker_child', 'example_external_task_marker_parent']) retrieved from /home/airflow/.local/lib/python3.8/site-packages/airflow/example_dags/example_external_task_marker_dag.py
[2023-09-09T06:38:31.488+0000] {logging_mixin.py:151} INFO - [2023-09-09T06:38:31.487+0000] {dag.py:2915} INFO - Sync 2 DAGs
[2023-09-09T06:38:31.531+0000] {logging_mixin.py:151} INFO - [2023-09-09T06:38:31.531+0000] {dag.py:3696} INFO - Setting next_dagrun for example_external_task_marker_child to None, run_after=None
[2023-09-09T06:38:31.537+0000] {logging_mixin.py:151} INFO - [2023-09-09T06:38:31.537+0000] {dag.py:3696} INFO - Setting next_dagrun for example_external_task_marker_parent to None, run_after=None
[2023-09-09T06:38:31.562+0000] {processor.py:179} INFO - Processing /home/airflow/.local/lib/python3.8/site-packages/airflow/example_dags/example_external_task_marker_dag.py took 0.156 seconds
[2023-09-09T06:39:11.676+0000] {processor.py:157} INFO - Started process (PID=222) to work on /home/airflow/.local/lib/python3.8/site-packages/airflow/example_dags/example_external_task_marker_dag.py
[2023-09-09T06:39:11.678+0000] {processor.py:829} INFO - Processing file /home/airflow/.local/lib/python3.8/site-packages/airflow/example_dags/example_external_task_marker_dag.py for tasks to queue
[2023-09-09T06:39:11.682+0000] {logging_mixin.py:151} INFO - [2023-09-09T06:39:11.682+0000] {dagbag.py:539} INFO - Filling up the DagBag from /home/airflow/.local/lib/python3.8/site-packages/airflow/example_dags/example_external_task_marker_dag.py
[2023-09-09T06:39:11.697+0000] {processor.py:839} INFO - DAG(s) dict_keys(['example_external_task_marker_parent', 'example_external_task_marker_child']) retrieved from /home/airflow/.local/lib/python3.8/site-packages/airflow/example_dags/example_external_task_marker_dag.py
[2023-09-09T06:39:11.735+0000] {logging_mixin.py:151} INFO - [2023-09-09T06:39:11.735+0000] {dag.py:2915} INFO - Sync 2 DAGs
[2023-09-09T06:39:11.755+0000] {logging_mixin.py:151} INFO - [2023-09-09T06:39:11.755+0000] {dag.py:3696} INFO - Setting next_dagrun for example_external_task_marker_child to None, run_after=None
[2023-09-09T06:39:11.760+0000] {logging_mixin.py:151} INFO - [2023-09-09T06:39:11.760+0000] {dag.py:3696} INFO - Setting next_dagrun for example_external_task_marker_parent to None, run_after=None
[2023-09-09T06:39:11.783+0000] {processor.py:179} INFO - Processing /home/airflow/.local/lib/python3.8/site-packages/airflow/example_dags/example_external_task_marker_dag.py took 0.112 seconds
