[2023-09-09T06:37:36.657+0000] {processor.py:157} INFO - Started process (PID=71) to work on /home/airflow/.local/lib/python3.8/site-packages/airflow/example_dags/example_branch_day_of_week_operator.py
[2023-09-09T06:37:36.661+0000] {processor.py:829} INFO - Processing file /home/airflow/.local/lib/python3.8/site-packages/airflow/example_dags/example_branch_day_of_week_operator.py for tasks to queue
[2023-09-09T06:37:36.674+0000] {logging_mixin.py:151} INFO - [2023-09-09T06:37:36.671+0000] {dagbag.py:539} INFO - Filling up the DagBag from /home/airflow/.local/lib/python3.8/site-packages/airflow/example_dags/example_branch_day_of_week_operator.py
[2023-09-09T06:37:36.717+0000] {processor.py:839} INFO - DAG(s) dict_keys(['example_weekday_branch_operator']) retrieved from /home/airflow/.local/lib/python3.8/site-packages/airflow/example_dags/example_branch_day_of_week_operator.py
[2023-09-09T06:37:36.877+0000] {logging_mixin.py:151} INFO - [2023-09-09T06:37:36.873+0000] {dag.py:2915} INFO - Sync 1 DAGs
[2023-09-09T06:37:36.978+0000] {logging_mixin.py:151} INFO - [2023-09-09T06:37:36.966+0000] {dag.py:3696} INFO - Setting next_dagrun for example_weekday_branch_operator to 2023-09-08T00:00:00+00:00, run_after=2023-09-09T00:00:00+00:00
[2023-09-09T06:37:37.056+0000] {processor.py:179} INFO - Processing /home/airflow/.local/lib/python3.8/site-packages/airflow/example_dags/example_branch_day_of_week_operator.py took 0.409 seconds
[2023-09-09T06:38:07.379+0000] {processor.py:157} INFO - Started process (PID=127) to work on /home/airflow/.local/lib/python3.8/site-packages/airflow/example_dags/example_branch_day_of_week_operator.py
[2023-09-09T06:38:07.381+0000] {processor.py:829} INFO - Processing file /home/airflow/.local/lib/python3.8/site-packages/airflow/example_dags/example_branch_day_of_week_operator.py for tasks to queue
[2023-09-09T06:38:07.388+0000] {logging_mixin.py:151} INFO - [2023-09-09T06:38:07.387+0000] {dagbag.py:539} INFO - Filling up the DagBag from /home/airflow/.local/lib/python3.8/site-packages/airflow/example_dags/example_branch_day_of_week_operator.py
[2023-09-09T06:38:07.401+0000] {processor.py:839} INFO - DAG(s) dict_keys(['example_weekday_branch_operator']) retrieved from /home/airflow/.local/lib/python3.8/site-packages/airflow/example_dags/example_branch_day_of_week_operator.py
[2023-09-09T06:38:07.439+0000] {logging_mixin.py:151} INFO - [2023-09-09T06:38:07.439+0000] {dag.py:2915} INFO - Sync 1 DAGs
[2023-09-09T06:38:07.481+0000] {logging_mixin.py:151} INFO - [2023-09-09T06:38:07.480+0000] {dag.py:3696} INFO - Setting next_dagrun for example_weekday_branch_operator to 2023-09-08T00:00:00+00:00, run_after=2023-09-09T00:00:00+00:00
[2023-09-09T06:38:07.512+0000] {processor.py:179} INFO - Processing /home/airflow/.local/lib/python3.8/site-packages/airflow/example_dags/example_branch_day_of_week_operator.py took 0.137 seconds
[2023-09-09T06:38:43.707+0000] {processor.py:157} INFO - Started process (PID=190) to work on /home/airflow/.local/lib/python3.8/site-packages/airflow/example_dags/example_branch_day_of_week_operator.py
[2023-09-09T06:38:43.709+0000] {processor.py:829} INFO - Processing file /home/airflow/.local/lib/python3.8/site-packages/airflow/example_dags/example_branch_day_of_week_operator.py for tasks to queue
[2023-09-09T06:38:43.713+0000] {logging_mixin.py:151} INFO - [2023-09-09T06:38:43.713+0000] {dagbag.py:539} INFO - Filling up the DagBag from /home/airflow/.local/lib/python3.8/site-packages/airflow/example_dags/example_branch_day_of_week_operator.py
[2023-09-09T06:38:43.726+0000] {processor.py:839} INFO - DAG(s) dict_keys(['example_weekday_branch_operator']) retrieved from /home/airflow/.local/lib/python3.8/site-packages/airflow/example_dags/example_branch_day_of_week_operator.py
[2023-09-09T06:38:43.769+0000] {logging_mixin.py:151} INFO - [2023-09-09T06:38:43.768+0000] {dag.py:2915} INFO - Sync 1 DAGs
[2023-09-09T06:38:43.816+0000] {logging_mixin.py:151} INFO - [2023-09-09T06:38:43.815+0000] {dag.py:3696} INFO - Setting next_dagrun for example_weekday_branch_operator to 2023-09-08T00:00:00+00:00, run_after=2023-09-09T00:00:00+00:00
[2023-09-09T06:38:43.857+0000] {processor.py:179} INFO - Processing /home/airflow/.local/lib/python3.8/site-packages/airflow/example_dags/example_branch_day_of_week_operator.py took 0.154 seconds
[2023-09-09T06:39:13.953+0000] {processor.py:157} INFO - Started process (PID=244) to work on /home/airflow/.local/lib/python3.8/site-packages/airflow/example_dags/example_branch_day_of_week_operator.py
[2023-09-09T06:39:13.955+0000] {processor.py:829} INFO - Processing file /home/airflow/.local/lib/python3.8/site-packages/airflow/example_dags/example_branch_day_of_week_operator.py for tasks to queue
[2023-09-09T06:39:13.960+0000] {logging_mixin.py:151} INFO - [2023-09-09T06:39:13.960+0000] {dagbag.py:539} INFO - Filling up the DagBag from /home/airflow/.local/lib/python3.8/site-packages/airflow/example_dags/example_branch_day_of_week_operator.py
[2023-09-09T06:39:13.973+0000] {processor.py:839} INFO - DAG(s) dict_keys(['example_weekday_branch_operator']) retrieved from /home/airflow/.local/lib/python3.8/site-packages/airflow/example_dags/example_branch_day_of_week_operator.py
[2023-09-09T06:39:14.007+0000] {logging_mixin.py:151} INFO - [2023-09-09T06:39:14.006+0000] {dag.py:2915} INFO - Sync 1 DAGs
[2023-09-09T06:39:14.036+0000] {logging_mixin.py:151} INFO - [2023-09-09T06:39:14.035+0000] {dag.py:3696} INFO - Setting next_dagrun for example_weekday_branch_operator to 2023-09-08T00:00:00+00:00, run_after=2023-09-09T00:00:00+00:00
[2023-09-09T06:39:14.072+0000] {processor.py:179} INFO - Processing /home/airflow/.local/lib/python3.8/site-packages/airflow/example_dags/example_branch_day_of_week_operator.py took 0.125 seconds
