[2023-09-09T06:37:36.142+0000] {processor.py:157} INFO - Started process (PID=68) to work on /home/airflow/.local/lib/python3.8/site-packages/airflow/example_dags/example_complex.py
[2023-09-09T06:37:36.163+0000] {processor.py:829} INFO - Processing file /home/airflow/.local/lib/python3.8/site-packages/airflow/example_dags/example_complex.py for tasks to queue
[2023-09-09T06:37:36.188+0000] {logging_mixin.py:151} INFO - [2023-09-09T06:37:36.186+0000] {dagbag.py:539} INFO - Filling up the DagBag from /home/airflow/.local/lib/python3.8/site-packages/airflow/example_dags/example_complex.py
[2023-09-09T06:37:36.223+0000] {processor.py:839} INFO - DAG(s) dict_keys(['example_complex']) retrieved from /home/airflow/.local/lib/python3.8/site-packages/airflow/example_dags/example_complex.py
[2023-09-09T06:37:36.283+0000] {logging_mixin.py:151} INFO - [2023-09-09T06:37:36.282+0000] {dag.py:2915} INFO - Sync 1 DAGs
[2023-09-09T06:37:36.336+0000] {logging_mixin.py:151} INFO - [2023-09-09T06:37:36.336+0000] {dag.py:3696} INFO - Setting next_dagrun for example_complex to None, run_after=None
[2023-09-09T06:37:36.488+0000] {processor.py:179} INFO - Processing /home/airflow/.local/lib/python3.8/site-packages/airflow/example_dags/example_complex.py took 0.396 seconds
[2023-09-09T06:38:07.199+0000] {processor.py:157} INFO - Started process (PID=124) to work on /home/airflow/.local/lib/python3.8/site-packages/airflow/example_dags/example_complex.py
[2023-09-09T06:38:07.202+0000] {processor.py:829} INFO - Processing file /home/airflow/.local/lib/python3.8/site-packages/airflow/example_dags/example_complex.py for tasks to queue
[2023-09-09T06:38:07.212+0000] {logging_mixin.py:151} INFO - [2023-09-09T06:38:07.211+0000] {dagbag.py:539} INFO - Filling up the DagBag from /home/airflow/.local/lib/python3.8/site-packages/airflow/example_dags/example_complex.py
[2023-09-09T06:38:07.229+0000] {processor.py:839} INFO - DAG(s) dict_keys(['example_complex']) retrieved from /home/airflow/.local/lib/python3.8/site-packages/airflow/example_dags/example_complex.py
[2023-09-09T06:38:07.271+0000] {logging_mixin.py:151} INFO - [2023-09-09T06:38:07.271+0000] {dag.py:2915} INFO - Sync 1 DAGs
[2023-09-09T06:38:07.287+0000] {logging_mixin.py:151} INFO - [2023-09-09T06:38:07.287+0000] {dag.py:3696} INFO - Setting next_dagrun for example_complex to None, run_after=None
[2023-09-09T06:38:07.340+0000] {processor.py:179} INFO - Processing /home/airflow/.local/lib/python3.8/site-packages/airflow/example_dags/example_complex.py took 0.150 seconds
[2023-09-09T06:38:43.414+0000] {processor.py:157} INFO - Started process (PID=187) to work on /home/airflow/.local/lib/python3.8/site-packages/airflow/example_dags/example_complex.py
[2023-09-09T06:38:43.418+0000] {processor.py:829} INFO - Processing file /home/airflow/.local/lib/python3.8/site-packages/airflow/example_dags/example_complex.py for tasks to queue
[2023-09-09T06:38:43.424+0000] {logging_mixin.py:151} INFO - [2023-09-09T06:38:43.423+0000] {dagbag.py:539} INFO - Filling up the DagBag from /home/airflow/.local/lib/python3.8/site-packages/airflow/example_dags/example_complex.py
[2023-09-09T06:38:43.410+0000] {processor.py:839} INFO - DAG(s) dict_keys(['example_complex']) retrieved from /home/airflow/.local/lib/python3.8/site-packages/airflow/example_dags/example_complex.py
[2023-09-09T06:38:43.470+0000] {logging_mixin.py:151} INFO - [2023-09-09T06:38:43.470+0000] {dag.py:2915} INFO - Sync 1 DAGs
[2023-09-09T06:38:43.494+0000] {logging_mixin.py:151} INFO - [2023-09-09T06:38:43.494+0000] {dag.py:3696} INFO - Setting next_dagrun for example_complex to None, run_after=None
[2023-09-09T06:38:43.523+0000] {processor.py:179} INFO - Processing /home/airflow/.local/lib/python3.8/site-packages/airflow/example_dags/example_complex.py took 0.152 seconds
[2023-09-09T06:39:13.768+0000] {processor.py:157} INFO - Started process (PID=241) to work on /home/airflow/.local/lib/python3.8/site-packages/airflow/example_dags/example_complex.py
[2023-09-09T06:39:13.771+0000] {processor.py:829} INFO - Processing file /home/airflow/.local/lib/python3.8/site-packages/airflow/example_dags/example_complex.py for tasks to queue
[2023-09-09T06:39:13.776+0000] {logging_mixin.py:151} INFO - [2023-09-09T06:39:13.776+0000] {dagbag.py:539} INFO - Filling up the DagBag from /home/airflow/.local/lib/python3.8/site-packages/airflow/example_dags/example_complex.py
[2023-09-09T06:39:13.795+0000] {processor.py:839} INFO - DAG(s) dict_keys(['example_complex']) retrieved from /home/airflow/.local/lib/python3.8/site-packages/airflow/example_dags/example_complex.py
[2023-09-09T06:39:13.840+0000] {logging_mixin.py:151} INFO - [2023-09-09T06:39:13.839+0000] {dag.py:2915} INFO - Sync 1 DAGs
[2023-09-09T06:39:13.857+0000] {logging_mixin.py:151} INFO - [2023-09-09T06:39:13.856+0000] {dag.py:3696} INFO - Setting next_dagrun for example_complex to None, run_after=None
[2023-09-09T06:39:13.883+0000] {processor.py:179} INFO - Processing /home/airflow/.local/lib/python3.8/site-packages/airflow/example_dags/example_complex.py took 0.121 seconds
