[2023-09-09T06:37:26.231+0000] {processor.py:157} INFO - Started process (PID=46) to work on /home/airflow/.local/lib/python3.8/site-packages/airflow/example_dags/example_nested_branch_dag.py
[2023-09-09T06:37:26.233+0000] {processor.py:829} INFO - Processing file /home/airflow/.local/lib/python3.8/site-packages/airflow/example_dags/example_nested_branch_dag.py for tasks to queue
[2023-09-09T06:37:26.236+0000] {logging_mixin.py:151} INFO - [2023-09-09T06:37:26.236+0000] {dagbag.py:539} INFO - Filling up the DagBag from /home/airflow/.local/lib/python3.8/site-packages/airflow/example_dags/example_nested_branch_dag.py
[2023-09-09T06:37:26.254+0000] {processor.py:839} INFO - DAG(s) dict_keys(['example_nested_branch_dag']) retrieved from /home/airflow/.local/lib/python3.8/site-packages/airflow/example_dags/example_nested_branch_dag.py
[2023-09-09T06:37:26.279+0000] {logging_mixin.py:151} INFO - [2023-09-09T06:37:26.279+0000] {dag.py:2915} INFO - Sync 1 DAGs
[2023-09-09T06:37:26.314+0000] {logging_mixin.py:151} INFO - [2023-09-09T06:37:26.314+0000] {dag.py:3696} INFO - Setting next_dagrun for example_nested_branch_dag to 2023-09-08T00:00:00+00:00, run_after=2023-09-09T00:00:00+00:00
[2023-09-09T06:37:26.352+0000] {processor.py:179} INFO - Processing /home/airflow/.local/lib/python3.8/site-packages/airflow/example_dags/example_nested_branch_dag.py took 0.126 seconds
[2023-09-09T06:37:59.337+0000] {processor.py:157} INFO - Started process (PID=102) to work on /home/airflow/.local/lib/python3.8/site-packages/airflow/example_dags/example_nested_branch_dag.py
[2023-09-09T06:37:59.339+0000] {processor.py:829} INFO - Processing file /home/airflow/.local/lib/python3.8/site-packages/airflow/example_dags/example_nested_branch_dag.py for tasks to queue
[2023-09-09T06:37:59.343+0000] {logging_mixin.py:151} INFO - [2023-09-09T06:37:59.342+0000] {dagbag.py:539} INFO - Filling up the DagBag from /home/airflow/.local/lib/python3.8/site-packages/airflow/example_dags/example_nested_branch_dag.py
[2023-09-09T06:37:59.357+0000] {processor.py:839} INFO - DAG(s) dict_keys(['example_nested_branch_dag']) retrieved from /home/airflow/.local/lib/python3.8/site-packages/airflow/example_dags/example_nested_branch_dag.py
[2023-09-09T06:37:59.388+0000] {logging_mixin.py:151} INFO - [2023-09-09T06:37:59.388+0000] {dag.py:2915} INFO - Sync 1 DAGs
[2023-09-09T06:37:59.421+0000] {logging_mixin.py:151} INFO - [2023-09-09T06:37:59.421+0000] {dag.py:3696} INFO - Setting next_dagrun for example_nested_branch_dag to 2023-09-08T00:00:00+00:00, run_after=2023-09-09T00:00:00+00:00
[2023-09-09T06:37:59.442+0000] {processor.py:179} INFO - Processing /home/airflow/.local/lib/python3.8/site-packages/airflow/example_dags/example_nested_branch_dag.py took 0.110 seconds
[2023-09-09T06:38:30.670+0000] {processor.py:157} INFO - Started process (PID=157) to work on /home/airflow/.local/lib/python3.8/site-packages/airflow/example_dags/example_nested_branch_dag.py
[2023-09-09T06:38:30.672+0000] {processor.py:829} INFO - Processing file /home/airflow/.local/lib/python3.8/site-packages/airflow/example_dags/example_nested_branch_dag.py for tasks to queue
[2023-09-09T06:38:30.676+0000] {logging_mixin.py:151} INFO - [2023-09-09T06:38:30.676+0000] {dagbag.py:539} INFO - Filling up the DagBag from /home/airflow/.local/lib/python3.8/site-packages/airflow/example_dags/example_nested_branch_dag.py
[2023-09-09T06:38:30.691+0000] {processor.py:839} INFO - DAG(s) dict_keys(['example_nested_branch_dag']) retrieved from /home/airflow/.local/lib/python3.8/site-packages/airflow/example_dags/example_nested_branch_dag.py
[2023-09-09T06:38:30.721+0000] {logging_mixin.py:151} INFO - [2023-09-09T06:38:30.721+0000] {dag.py:2915} INFO - Sync 1 DAGs
[2023-09-09T06:38:30.753+0000] {logging_mixin.py:151} INFO - [2023-09-09T06:38:30.753+0000] {dag.py:3696} INFO - Setting next_dagrun for example_nested_branch_dag to 2023-09-08T00:00:00+00:00, run_after=2023-09-09T00:00:00+00:00
[2023-09-09T06:38:30.778+0000] {processor.py:179} INFO - Processing /home/airflow/.local/lib/python3.8/site-packages/airflow/example_dags/example_nested_branch_dag.py took 0.112 seconds
[2023-09-09T06:39:10.521+0000] {processor.py:157} INFO - Started process (PID=212) to work on /home/airflow/.local/lib/python3.8/site-packages/airflow/example_dags/example_nested_branch_dag.py
[2023-09-09T06:39:10.523+0000] {processor.py:829} INFO - Processing file /home/airflow/.local/lib/python3.8/site-packages/airflow/example_dags/example_nested_branch_dag.py for tasks to queue
[2023-09-09T06:39:10.528+0000] {logging_mixin.py:151} INFO - [2023-09-09T06:39:10.527+0000] {dagbag.py:539} INFO - Filling up the DagBag from /home/airflow/.local/lib/python3.8/site-packages/airflow/example_dags/example_nested_branch_dag.py
[2023-09-09T06:39:10.543+0000] {processor.py:839} INFO - DAG(s) dict_keys(['example_nested_branch_dag']) retrieved from /home/airflow/.local/lib/python3.8/site-packages/airflow/example_dags/example_nested_branch_dag.py
[2023-09-09T06:39:10.577+0000] {logging_mixin.py:151} INFO - [2023-09-09T06:39:10.577+0000] {dag.py:2915} INFO - Sync 1 DAGs
[2023-09-09T06:39:10.612+0000] {logging_mixin.py:151} INFO - [2023-09-09T06:39:10.612+0000] {dag.py:3696} INFO - Setting next_dagrun for example_nested_branch_dag to 2023-09-08T00:00:00+00:00, run_after=2023-09-09T00:00:00+00:00
[2023-09-09T06:39:10.642+0000] {processor.py:179} INFO - Processing /home/airflow/.local/lib/python3.8/site-packages/airflow/example_dags/example_nested_branch_dag.py took 0.127 seconds
