[2023-09-09T06:37:30.778+0000] {processor.py:157} INFO - Started process (PID=62) to work on /home/airflow/.local/lib/python3.8/site-packages/airflow/example_dags/example_task_group.py
[2023-09-09T06:37:30.780+0000] {processor.py:829} INFO - Processing file /home/airflow/.local/lib/python3.8/site-packages/airflow/example_dags/example_task_group.py for tasks to queue
[2023-09-09T06:37:30.817+0000] {logging_mixin.py:151} INFO - [2023-09-09T06:37:30.810+0000] {dagbag.py:539} INFO - Filling up the DagBag from /home/airflow/.local/lib/python3.8/site-packages/airflow/example_dags/example_task_group.py
[2023-09-09T06:37:30.867+0000] {processor.py:839} INFO - DAG(s) dict_keys(['example_task_group']) retrieved from /home/airflow/.local/lib/python3.8/site-packages/airflow/example_dags/example_task_group.py
[2023-09-09T06:37:30.934+0000] {logging_mixin.py:151} INFO - [2023-09-09T06:37:30.934+0000] {dag.py:2915} INFO - Sync 1 DAGs
[2023-09-09T06:37:31.153+0000] {logging_mixin.py:151} INFO - [2023-09-09T06:37:31.153+0000] {dag.py:3696} INFO - Setting next_dagrun for example_task_group to 2023-09-08T06:37:31.074248+00:00, run_after=2023-09-09T06:37:31.074248+00:00
[2023-09-09T06:37:31.241+0000] {processor.py:179} INFO - Processing /home/airflow/.local/lib/python3.8/site-packages/airflow/example_dags/example_task_group.py took 0.505 seconds
[2023-09-09T06:38:01.698+0000] {processor.py:157} INFO - Started process (PID=118) to work on /home/airflow/.local/lib/python3.8/site-packages/airflow/example_dags/example_task_group.py
[2023-09-09T06:38:01.700+0000] {processor.py:829} INFO - Processing file /home/airflow/.local/lib/python3.8/site-packages/airflow/example_dags/example_task_group.py for tasks to queue
[2023-09-09T06:38:01.705+0000] {logging_mixin.py:151} INFO - [2023-09-09T06:38:01.704+0000] {dagbag.py:539} INFO - Filling up the DagBag from /home/airflow/.local/lib/python3.8/site-packages/airflow/example_dags/example_task_group.py
[2023-09-09T06:38:01.719+0000] {processor.py:839} INFO - DAG(s) dict_keys(['example_task_group']) retrieved from /home/airflow/.local/lib/python3.8/site-packages/airflow/example_dags/example_task_group.py
[2023-09-09T06:38:01.757+0000] {logging_mixin.py:151} INFO - [2023-09-09T06:38:01.757+0000] {dag.py:2915} INFO - Sync 1 DAGs
[2023-09-09T06:38:01.792+0000] {logging_mixin.py:151} INFO - [2023-09-09T06:38:01.791+0000] {dag.py:3696} INFO - Setting next_dagrun for example_task_group to 2023-09-08T06:38:01.791499+00:00, run_after=2023-09-09T06:38:01.791499+00:00
[2023-09-09T06:38:01.822+0000] {processor.py:179} INFO - Processing /home/airflow/.local/lib/python3.8/site-packages/airflow/example_dags/example_task_group.py took 0.129 seconds
[2023-09-09T06:38:32.996+0000] {processor.py:157} INFO - Started process (PID=173) to work on /home/airflow/.local/lib/python3.8/site-packages/airflow/example_dags/example_task_group.py
[2023-09-09T06:38:33.000+0000] {processor.py:829} INFO - Processing file /home/airflow/.local/lib/python3.8/site-packages/airflow/example_dags/example_task_group.py for tasks to queue
[2023-09-09T06:38:33.007+0000] {logging_mixin.py:151} INFO - [2023-09-09T06:38:33.006+0000] {dagbag.py:539} INFO - Filling up the DagBag from /home/airflow/.local/lib/python3.8/site-packages/airflow/example_dags/example_task_group.py
[2023-09-09T06:38:33.024+0000] {processor.py:839} INFO - DAG(s) dict_keys(['example_task_group']) retrieved from /home/airflow/.local/lib/python3.8/site-packages/airflow/example_dags/example_task_group.py
[2023-09-09T06:38:33.113+0000] {logging_mixin.py:151} INFO - [2023-09-09T06:38:33.112+0000] {dag.py:2915} INFO - Sync 1 DAGs
[2023-09-09T06:38:33.235+0000] {logging_mixin.py:151} INFO - [2023-09-09T06:38:33.235+0000] {dag.py:3696} INFO - Setting next_dagrun for example_task_group to 2023-09-08T06:38:33.231880+00:00, run_after=2023-09-09T06:38:33.231880+00:00
[2023-09-09T06:38:33.309+0000] {processor.py:179} INFO - Processing /home/airflow/.local/lib/python3.8/site-packages/airflow/example_dags/example_task_group.py took 0.318 seconds
[2023-09-09T06:39:13.215+0000] {processor.py:157} INFO - Started process (PID=228) to work on /home/airflow/.local/lib/python3.8/site-packages/airflow/example_dags/example_task_group.py
[2023-09-09T06:39:13.222+0000] {processor.py:829} INFO - Processing file /home/airflow/.local/lib/python3.8/site-packages/airflow/example_dags/example_task_group.py for tasks to queue
[2023-09-09T06:39:13.231+0000] {logging_mixin.py:151} INFO - [2023-09-09T06:39:13.229+0000] {dagbag.py:539} INFO - Filling up the DagBag from /home/airflow/.local/lib/python3.8/site-packages/airflow/example_dags/example_task_group.py
[2023-09-09T06:39:13.248+0000] {processor.py:839} INFO - DAG(s) dict_keys(['example_task_group']) retrieved from /home/airflow/.local/lib/python3.8/site-packages/airflow/example_dags/example_task_group.py
[2023-09-09T06:39:13.290+0000] {logging_mixin.py:151} INFO - [2023-09-09T06:39:13.290+0000] {dag.py:2915} INFO - Sync 1 DAGs
[2023-09-09T06:39:13.329+0000] {logging_mixin.py:151} INFO - [2023-09-09T06:39:13.329+0000] {dag.py:3696} INFO - Setting next_dagrun for example_task_group to 2023-09-08T06:39:13.328665+00:00, run_after=2023-09-09T06:39:13.328665+00:00
[2023-09-09T06:39:13.363+0000] {processor.py:179} INFO - Processing /home/airflow/.local/lib/python3.8/site-packages/airflow/example_dags/example_task_group.py took 0.157 seconds
