[2023-09-09T06:37:36.142+0000] {processor.py:157} INFO - Started process (PID=69) to work on /home/airflow/.local/lib/python3.8/site-packages/airflow/example_dags/example_branch_operator.py
[2023-09-09T06:37:36.163+0000] {processor.py:829} INFO - Processing file /home/airflow/.local/lib/python3.8/site-packages/airflow/example_dags/example_branch_operator.py for tasks to queue
[2023-09-09T06:37:36.188+0000] {logging_mixin.py:151} INFO - [2023-09-09T06:37:36.186+0000] {dagbag.py:539} INFO - Filling up the DagBag from /home/airflow/.local/lib/python3.8/site-packages/airflow/example_dags/example_branch_operator.py
[2023-09-09T06:37:36.221+0000] {processor.py:839} INFO - DAG(s) dict_keys(['example_branch_operator']) retrieved from /home/airflow/.local/lib/python3.8/site-packages/airflow/example_dags/example_branch_operator.py
[2023-09-09T06:37:36.283+0000] {logging_mixin.py:151} INFO - [2023-09-09T06:37:36.282+0000] {dag.py:2915} INFO - Sync 1 DAGs
[2023-09-09T06:37:36.363+0000] {logging_mixin.py:151} INFO - [2023-09-09T06:37:36.362+0000] {dag.py:3696} INFO - Setting next_dagrun for example_branch_operator to 2023-09-08T00:00:00+00:00, run_after=2023-09-09T00:00:00+00:00
[2023-09-09T06:37:36.529+0000] {processor.py:179} INFO - Processing /home/airflow/.local/lib/python3.8/site-packages/airflow/example_dags/example_branch_operator.py took 0.411 seconds
[2023-09-09T06:38:07.204+0000] {processor.py:157} INFO - Started process (PID=125) to work on /home/airflow/.local/lib/python3.8/site-packages/airflow/example_dags/example_branch_operator.py
[2023-09-09T06:38:07.209+0000] {processor.py:829} INFO - Processing file /home/airflow/.local/lib/python3.8/site-packages/airflow/example_dags/example_branch_operator.py for tasks to queue
[2023-09-09T06:38:07.214+0000] {logging_mixin.py:151} INFO - [2023-09-09T06:38:07.213+0000] {dagbag.py:539} INFO - Filling up the DagBag from /home/airflow/.local/lib/python3.8/site-packages/airflow/example_dags/example_branch_operator.py
[2023-09-09T06:38:07.229+0000] {processor.py:839} INFO - DAG(s) dict_keys(['example_branch_operator']) retrieved from /home/airflow/.local/lib/python3.8/site-packages/airflow/example_dags/example_branch_operator.py
[2023-09-09T06:38:07.261+0000] {logging_mixin.py:151} INFO - [2023-09-09T06:38:07.260+0000] {dag.py:2915} INFO - Sync 1 DAGs
[2023-09-09T06:38:07.290+0000] {logging_mixin.py:151} INFO - [2023-09-09T06:38:07.290+0000] {dag.py:3696} INFO - Setting next_dagrun for example_branch_operator to 2023-09-08T00:00:00+00:00, run_after=2023-09-09T00:00:00+00:00
[2023-09-09T06:38:07.329+0000] {processor.py:179} INFO - Processing /home/airflow/.local/lib/python3.8/site-packages/airflow/example_dags/example_branch_operator.py took 0.131 seconds
[2023-09-09T06:38:43.534+0000] {processor.py:157} INFO - Started process (PID=188) to work on /home/airflow/.local/lib/python3.8/site-packages/airflow/example_dags/example_branch_operator.py
[2023-09-09T06:38:43.537+0000] {processor.py:829} INFO - Processing file /home/airflow/.local/lib/python3.8/site-packages/airflow/example_dags/example_branch_operator.py for tasks to queue
[2023-09-09T06:38:43.542+0000] {logging_mixin.py:151} INFO - [2023-09-09T06:38:43.541+0000] {dagbag.py:539} INFO - Filling up the DagBag from /home/airflow/.local/lib/python3.8/site-packages/airflow/example_dags/example_branch_operator.py
[2023-09-09T06:38:43.567+0000] {processor.py:839} INFO - DAG(s) dict_keys(['example_branch_operator']) retrieved from /home/airflow/.local/lib/python3.8/site-packages/airflow/example_dags/example_branch_operator.py
[2023-09-09T06:38:43.602+0000] {logging_mixin.py:151} INFO - [2023-09-09T06:38:43.602+0000] {dag.py:2915} INFO - Sync 1 DAGs
[2023-09-09T06:38:43.639+0000] {logging_mixin.py:151} INFO - [2023-09-09T06:38:43.639+0000] {dag.py:3696} INFO - Setting next_dagrun for example_branch_operator to 2023-09-08T00:00:00+00:00, run_after=2023-09-09T00:00:00+00:00
[2023-09-09T06:38:43.666+0000] {processor.py:179} INFO - Processing /home/airflow/.local/lib/python3.8/site-packages/airflow/example_dags/example_branch_operator.py took 0.138 seconds
[2023-09-09T06:39:13.801+0000] {processor.py:157} INFO - Started process (PID=242) to work on /home/airflow/.local/lib/python3.8/site-packages/airflow/example_dags/example_branch_operator.py
[2023-09-09T06:39:13.803+0000] {processor.py:829} INFO - Processing file /home/airflow/.local/lib/python3.8/site-packages/airflow/example_dags/example_branch_operator.py for tasks to queue
[2023-09-09T06:39:13.807+0000] {logging_mixin.py:151} INFO - [2023-09-09T06:39:13.806+0000] {dagbag.py:539} INFO - Filling up the DagBag from /home/airflow/.local/lib/python3.8/site-packages/airflow/example_dags/example_branch_operator.py
[2023-09-09T06:39:13.822+0000] {processor.py:839} INFO - DAG(s) dict_keys(['example_branch_operator']) retrieved from /home/airflow/.local/lib/python3.8/site-packages/airflow/example_dags/example_branch_operator.py
[2023-09-09T06:39:13.855+0000] {logging_mixin.py:151} INFO - [2023-09-09T06:39:13.855+0000] {dag.py:2915} INFO - Sync 1 DAGs
[2023-09-09T06:39:13.886+0000] {logging_mixin.py:151} INFO - [2023-09-09T06:39:13.886+0000] {dag.py:3696} INFO - Setting next_dagrun for example_branch_operator to 2023-09-08T00:00:00+00:00, run_after=2023-09-09T00:00:00+00:00
[2023-09-09T06:39:13.915+0000] {processor.py:179} INFO - Processing /home/airflow/.local/lib/python3.8/site-packages/airflow/example_dags/example_branch_operator.py took 0.120 seconds
