[2023-09-09T06:37:27.273+0000] {processor.py:157} INFO - Started process (PID=55) to work on /home/airflow/.local/lib/python3.8/site-packages/airflow/example_dags/example_python_operator.py
[2023-09-09T06:37:27.275+0000] {processor.py:829} INFO - Processing file /home/airflow/.local/lib/python3.8/site-packages/airflow/example_dags/example_python_operator.py for tasks to queue
[2023-09-09T06:37:27.279+0000] {logging_mixin.py:151} INFO - [2023-09-09T06:37:27.279+0000] {dagbag.py:539} INFO - Filling up the DagBag from /home/airflow/.local/lib/python3.8/site-packages/airflow/example_dags/example_python_operator.py
[2023-09-09T06:37:27.300+0000] {processor.py:839} INFO - DAG(s) dict_keys(['example_python_operator']) retrieved from /home/airflow/.local/lib/python3.8/site-packages/airflow/example_dags/example_python_operator.py
[2023-09-09T06:37:27.321+0000] {logging_mixin.py:151} INFO - [2023-09-09T06:37:27.321+0000] {dag.py:2915} INFO - Sync 1 DAGs
[2023-09-09T06:37:27.342+0000] {logging_mixin.py:151} INFO - [2023-09-09T06:37:27.342+0000] {dag.py:3696} INFO - Setting next_dagrun for example_python_operator to None, run_after=None
[2023-09-09T06:37:27.380+0000] {processor.py:179} INFO - Processing /home/airflow/.local/lib/python3.8/site-packages/airflow/example_dags/example_python_operator.py took 0.113 seconds
[2023-09-09T06:38:00.007+0000] {processor.py:157} INFO - Started process (PID=110) to work on /home/airflow/.local/lib/python3.8/site-packages/airflow/example_dags/example_python_operator.py
[2023-09-09T06:38:00.009+0000] {processor.py:829} INFO - Processing file /home/airflow/.local/lib/python3.8/site-packages/airflow/example_dags/example_python_operator.py for tasks to queue
[2023-09-09T06:38:00.013+0000] {logging_mixin.py:151} INFO - [2023-09-09T06:38:00.012+0000] {dagbag.py:539} INFO - Filling up the DagBag from /home/airflow/.local/lib/python3.8/site-packages/airflow/example_dags/example_python_operator.py
[2023-09-09T06:38:00.037+0000] {processor.py:839} INFO - DAG(s) dict_keys(['example_python_operator']) retrieved from /home/airflow/.local/lib/python3.8/site-packages/airflow/example_dags/example_python_operator.py
[2023-09-09T06:38:00.459+0000] {logging_mixin.py:151} INFO - [2023-09-09T06:38:00.458+0000] {security.py:708} INFO - Not syncing DAG-level permissions for DAG 'DAG:example_python_operator' as access control is unset.
[2023-09-09T06:38:00.459+0000] {logging_mixin.py:151} INFO - [2023-09-09T06:38:00.459+0000] {dag.py:2915} INFO - Sync 1 DAGs
[2023-09-09T06:38:00.472+0000] {logging_mixin.py:151} INFO - [2023-09-09T06:38:00.472+0000] {dag.py:3696} INFO - Setting next_dagrun for example_python_operator to None, run_after=None
[2023-09-09T06:38:00.505+0000] {processor.py:179} INFO - Processing /home/airflow/.local/lib/python3.8/site-packages/airflow/example_dags/example_python_operator.py took 0.503 seconds
[2023-09-09T06:38:31.308+0000] {processor.py:157} INFO - Started process (PID=165) to work on /home/airflow/.local/lib/python3.8/site-packages/airflow/example_dags/example_python_operator.py
[2023-09-09T06:38:31.311+0000] {processor.py:829} INFO - Processing file /home/airflow/.local/lib/python3.8/site-packages/airflow/example_dags/example_python_operator.py for tasks to queue
[2023-09-09T06:38:31.321+0000] {logging_mixin.py:151} INFO - [2023-09-09T06:38:31.320+0000] {dagbag.py:539} INFO - Filling up the DagBag from /home/airflow/.local/lib/python3.8/site-packages/airflow/example_dags/example_python_operator.py
[2023-09-09T06:38:31.360+0000] {processor.py:839} INFO - DAG(s) dict_keys(['example_python_operator']) retrieved from /home/airflow/.local/lib/python3.8/site-packages/airflow/example_dags/example_python_operator.py
[2023-09-09T06:38:31.410+0000] {logging_mixin.py:151} INFO - [2023-09-09T06:38:31.410+0000] {dag.py:2915} INFO - Sync 1 DAGs
[2023-09-09T06:38:31.435+0000] {logging_mixin.py:151} INFO - [2023-09-09T06:38:31.435+0000] {dag.py:3696} INFO - Setting next_dagrun for example_python_operator to None, run_after=None
[2023-09-09T06:38:31.467+0000] {processor.py:179} INFO - Processing /home/airflow/.local/lib/python3.8/site-packages/airflow/example_dags/example_python_operator.py took 0.167 seconds
[2023-09-09T06:39:11.510+0000] {processor.py:157} INFO - Started process (PID=221) to work on /home/airflow/.local/lib/python3.8/site-packages/airflow/example_dags/example_python_operator.py
[2023-09-09T06:39:11.512+0000] {processor.py:829} INFO - Processing file /home/airflow/.local/lib/python3.8/site-packages/airflow/example_dags/example_python_operator.py for tasks to queue
[2023-09-09T06:39:11.520+0000] {logging_mixin.py:151} INFO - [2023-09-09T06:39:11.519+0000] {dagbag.py:539} INFO - Filling up the DagBag from /home/airflow/.local/lib/python3.8/site-packages/airflow/example_dags/example_python_operator.py
[2023-09-09T06:39:11.547+0000] {processor.py:839} INFO - DAG(s) dict_keys(['example_python_operator']) retrieved from /home/airflow/.local/lib/python3.8/site-packages/airflow/example_dags/example_python_operator.py
[2023-09-09T06:39:11.591+0000] {logging_mixin.py:151} INFO - [2023-09-09T06:39:11.591+0000] {dag.py:2915} INFO - Sync 1 DAGs
[2023-09-09T06:39:11.610+0000] {logging_mixin.py:151} INFO - [2023-09-09T06:39:11.610+0000] {dag.py:3696} INFO - Setting next_dagrun for example_python_operator to None, run_after=None
[2023-09-09T06:39:11.640+0000] {processor.py:179} INFO - Processing /home/airflow/.local/lib/python3.8/site-packages/airflow/example_dags/example_python_operator.py took 0.135 seconds
