[2023-09-09T06:37:31.308+0000] {processor.py:157} INFO - Started process (PID=64) to work on /home/airflow/.local/lib/python3.8/site-packages/airflow/example_dags/example_params_trigger_ui.py
[2023-09-09T06:37:31.323+0000] {processor.py:829} INFO - Processing file /home/airflow/.local/lib/python3.8/site-packages/airflow/example_dags/example_params_trigger_ui.py for tasks to queue
[2023-09-09T06:37:31.344+0000] {logging_mixin.py:151} INFO - [2023-09-09T06:37:31.342+0000] {dagbag.py:539} INFO - Filling up the DagBag from /home/airflow/.local/lib/python3.8/site-packages/airflow/example_dags/example_params_trigger_ui.py
[2023-09-09T06:37:31.502+0000] {processor.py:839} INFO - DAG(s) dict_keys(['example_params_trigger_ui']) retrieved from /home/airflow/.local/lib/python3.8/site-packages/airflow/example_dags/example_params_trigger_ui.py
[2023-09-09T06:37:33.346+0000] {logging_mixin.py:151} INFO - [2023-09-09T06:37:33.336+0000] {dag.py:2915} INFO - Sync 1 DAGs
[2023-09-09T06:37:33.416+0000] {logging_mixin.py:151} INFO - [2023-09-09T06:37:33.416+0000] {dag.py:3696} INFO - Setting next_dagrun for example_params_trigger_ui to None, run_after=None
[2023-09-09T06:37:33.706+0000] {processor.py:179} INFO - Processing /home/airflow/.local/lib/python3.8/site-packages/airflow/example_dags/example_params_trigger_ui.py took 2.417 seconds
[2023-09-09T06:38:03.861+0000] {processor.py:157} INFO - Started process (PID=120) to work on /home/airflow/.local/lib/python3.8/site-packages/airflow/example_dags/example_params_trigger_ui.py
[2023-09-09T06:38:03.863+0000] {processor.py:829} INFO - Processing file /home/airflow/.local/lib/python3.8/site-packages/airflow/example_dags/example_params_trigger_ui.py for tasks to queue
[2023-09-09T06:38:03.866+0000] {logging_mixin.py:151} INFO - [2023-09-09T06:38:03.866+0000] {dagbag.py:539} INFO - Filling up the DagBag from /home/airflow/.local/lib/python3.8/site-packages/airflow/example_dags/example_params_trigger_ui.py
[2023-09-09T06:38:03.888+0000] {processor.py:839} INFO - DAG(s) dict_keys(['example_params_trigger_ui']) retrieved from /home/airflow/.local/lib/python3.8/site-packages/airflow/example_dags/example_params_trigger_ui.py
[2023-09-09T06:38:03.946+0000] {logging_mixin.py:151} INFO - [2023-09-09T06:38:03.946+0000] {dag.py:2915} INFO - Sync 1 DAGs
[2023-09-09T06:38:03.960+0000] {logging_mixin.py:151} INFO - [2023-09-09T06:38:03.960+0000] {dag.py:3696} INFO - Setting next_dagrun for example_params_trigger_ui to None, run_after=None
[2023-09-09T06:38:03.982+0000] {processor.py:179} INFO - Processing /home/airflow/.local/lib/python3.8/site-packages/airflow/example_dags/example_params_trigger_ui.py took 0.126 seconds
[2023-09-09T06:38:34.639+0000] {processor.py:157} INFO - Started process (PID=175) to work on /home/airflow/.local/lib/python3.8/site-packages/airflow/example_dags/example_params_trigger_ui.py
[2023-09-09T06:38:34.647+0000] {processor.py:829} INFO - Processing file /home/airflow/.local/lib/python3.8/site-packages/airflow/example_dags/example_params_trigger_ui.py for tasks to queue
[2023-09-09T06:38:34.874+0000] {logging_mixin.py:151} INFO - [2023-09-09T06:38:34.842+0000] {dagbag.py:539} INFO - Filling up the DagBag from /home/airflow/.local/lib/python3.8/site-packages/airflow/example_dags/example_params_trigger_ui.py
[2023-09-09T06:38:39.607+0000] {processor.py:839} INFO - DAG(s) dict_keys(['example_params_trigger_ui']) retrieved from /home/airflow/.local/lib/python3.8/site-packages/airflow/example_dags/example_params_trigger_ui.py
[2023-09-09T06:38:42.660+0000] {logging_mixin.py:151} INFO - [2023-09-09T06:38:42.657+0000] {dag.py:2915} INFO - Sync 1 DAGs
[2023-09-09T06:38:42.858+0000] {logging_mixin.py:151} INFO - [2023-09-09T06:38:42.858+0000] {dag.py:3696} INFO - Setting next_dagrun for example_params_trigger_ui to None, run_after=None
[2023-09-09T06:38:42.947+0000] {processor.py:179} INFO - Processing /home/airflow/.local/lib/python3.8/site-packages/airflow/example_dags/example_params_trigger_ui.py took 8.360 seconds
[2023-09-09T06:39:13.376+0000] {processor.py:157} INFO - Started process (PID=237) to work on /home/airflow/.local/lib/python3.8/site-packages/airflow/example_dags/example_params_trigger_ui.py
[2023-09-09T06:39:13.380+0000] {processor.py:829} INFO - Processing file /home/airflow/.local/lib/python3.8/site-packages/airflow/example_dags/example_params_trigger_ui.py for tasks to queue
[2023-09-09T06:39:13.384+0000] {logging_mixin.py:151} INFO - [2023-09-09T06:39:13.384+0000] {dagbag.py:539} INFO - Filling up the DagBag from /home/airflow/.local/lib/python3.8/site-packages/airflow/example_dags/example_params_trigger_ui.py
[2023-09-09T06:39:13.415+0000] {processor.py:839} INFO - DAG(s) dict_keys(['example_params_trigger_ui']) retrieved from /home/airflow/.local/lib/python3.8/site-packages/airflow/example_dags/example_params_trigger_ui.py
[2023-09-09T06:39:13.500+0000] {logging_mixin.py:151} INFO - [2023-09-09T06:39:13.500+0000] {dag.py:2915} INFO - Sync 1 DAGs
[2023-09-09T06:39:13.520+0000] {logging_mixin.py:151} INFO - [2023-09-09T06:39:13.519+0000] {dag.py:3696} INFO - Setting next_dagrun for example_params_trigger_ui to None, run_after=None
[2023-09-09T06:39:13.553+0000] {processor.py:179} INFO - Processing /home/airflow/.local/lib/python3.8/site-packages/airflow/example_dags/example_params_trigger_ui.py took 0.182 seconds
