[2023-09-09T06:37:27.114+0000] {processor.py:157} INFO - Started process (PID=54) to work on /home/airflow/.local/lib/python3.8/site-packages/airflow/example_dags/example_dynamic_task_mapping_with_no_taskflow_operators.py
[2023-09-09T06:37:27.116+0000] {processor.py:829} INFO - Processing file /home/airflow/.local/lib/python3.8/site-packages/airflow/example_dags/example_dynamic_task_mapping_with_no_taskflow_operators.py for tasks to queue
[2023-09-09T06:37:27.125+0000] {logging_mixin.py:151} INFO - [2023-09-09T06:37:27.125+0000] {dagbag.py:539} INFO - Filling up the DagBag from /home/airflow/.local/lib/python3.8/site-packages/airflow/example_dags/example_dynamic_task_mapping_with_no_taskflow_operators.py
[2023-09-09T06:37:27.146+0000] {processor.py:839} INFO - DAG(s) dict_keys(['example_dynamic_task_mapping_with_no_taskflow_operators']) retrieved from /home/airflow/.local/lib/python3.8/site-packages/airflow/example_dags/example_dynamic_task_mapping_with_no_taskflow_operators.py
[2023-09-09T06:37:27.167+0000] {logging_mixin.py:151} INFO - [2023-09-09T06:37:27.167+0000] {dag.py:2915} INFO - Sync 1 DAGs
[2023-09-09T06:37:27.201+0000] {logging_mixin.py:151} INFO - [2023-09-09T06:37:27.201+0000] {dag.py:3696} INFO - Setting next_dagrun for example_dynamic_task_mapping_with_no_taskflow_operators to 2023-09-08T06:37:27.199353+00:00, run_after=2023-09-09T06:37:27.199353+00:00
[2023-09-09T06:37:27.229+0000] {processor.py:179} INFO - Processing /home/airflow/.local/lib/python3.8/site-packages/airflow/example_dags/example_dynamic_task_mapping_with_no_taskflow_operators.py took 0.120 seconds
[2023-09-09T06:37:59.975+0000] {processor.py:157} INFO - Started process (PID=109) to work on /home/airflow/.local/lib/python3.8/site-packages/airflow/example_dags/example_dynamic_task_mapping_with_no_taskflow_operators.py
[2023-09-09T06:37:59.977+0000] {processor.py:829} INFO - Processing file /home/airflow/.local/lib/python3.8/site-packages/airflow/example_dags/example_dynamic_task_mapping_with_no_taskflow_operators.py for tasks to queue
[2023-09-09T06:37:59.982+0000] {logging_mixin.py:151} INFO - [2023-09-09T06:37:59.982+0000] {dagbag.py:539} INFO - Filling up the DagBag from /home/airflow/.local/lib/python3.8/site-packages/airflow/example_dags/example_dynamic_task_mapping_with_no_taskflow_operators.py
[2023-09-09T06:37:59.998+0000] {processor.py:839} INFO - DAG(s) dict_keys(['example_dynamic_task_mapping_with_no_taskflow_operators']) retrieved from /home/airflow/.local/lib/python3.8/site-packages/airflow/example_dags/example_dynamic_task_mapping_with_no_taskflow_operators.py
[2023-09-09T06:38:00.025+0000] {logging_mixin.py:151} INFO - [2023-09-09T06:38:00.025+0000] {dag.py:2915} INFO - Sync 1 DAGs
[2023-09-09T06:38:00.054+0000] {logging_mixin.py:151} INFO - [2023-09-09T06:38:00.054+0000] {dag.py:3696} INFO - Setting next_dagrun for example_dynamic_task_mapping_with_no_taskflow_operators to 2023-09-08T06:38:00.053360+00:00, run_after=2023-09-09T06:38:00.053360+00:00
[2023-09-09T06:38:00.078+0000] {processor.py:179} INFO - Processing /home/airflow/.local/lib/python3.8/site-packages/airflow/example_dags/example_dynamic_task_mapping_with_no_taskflow_operators.py took 0.108 seconds
[2023-09-09T06:38:31.243+0000] {processor.py:157} INFO - Started process (PID=164) to work on /home/airflow/.local/lib/python3.8/site-packages/airflow/example_dags/example_dynamic_task_mapping_with_no_taskflow_operators.py
[2023-09-09T06:38:31.245+0000] {processor.py:829} INFO - Processing file /home/airflow/.local/lib/python3.8/site-packages/airflow/example_dags/example_dynamic_task_mapping_with_no_taskflow_operators.py for tasks to queue
[2023-09-09T06:38:31.250+0000] {logging_mixin.py:151} INFO - [2023-09-09T06:38:31.249+0000] {dagbag.py:539} INFO - Filling up the DagBag from /home/airflow/.local/lib/python3.8/site-packages/airflow/example_dags/example_dynamic_task_mapping_with_no_taskflow_operators.py
[2023-09-09T06:38:31.263+0000] {processor.py:839} INFO - DAG(s) dict_keys(['example_dynamic_task_mapping_with_no_taskflow_operators']) retrieved from /home/airflow/.local/lib/python3.8/site-packages/airflow/example_dags/example_dynamic_task_mapping_with_no_taskflow_operators.py
[2023-09-09T06:38:31.302+0000] {logging_mixin.py:151} INFO - [2023-09-09T06:38:31.302+0000] {dag.py:2915} INFO - Sync 1 DAGs
[2023-09-09T06:38:31.339+0000] {logging_mixin.py:151} INFO - [2023-09-09T06:38:31.339+0000] {dag.py:3696} INFO - Setting next_dagrun for example_dynamic_task_mapping_with_no_taskflow_operators to 2023-09-08T06:38:31.339078+00:00, run_after=2023-09-09T06:38:31.339078+00:00
[2023-09-09T06:38:31.372+0000] {processor.py:179} INFO - Processing /home/airflow/.local/lib/python3.8/site-packages/airflow/example_dags/example_dynamic_task_mapping_with_no_taskflow_operators.py took 0.135 seconds
[2023-09-09T06:39:11.358+0000] {processor.py:157} INFO - Started process (PID=220) to work on /home/airflow/.local/lib/python3.8/site-packages/airflow/example_dags/example_dynamic_task_mapping_with_no_taskflow_operators.py
[2023-09-09T06:39:11.360+0000] {processor.py:829} INFO - Processing file /home/airflow/.local/lib/python3.8/site-packages/airflow/example_dags/example_dynamic_task_mapping_with_no_taskflow_operators.py for tasks to queue
[2023-09-09T06:39:11.364+0000] {logging_mixin.py:151} INFO - [2023-09-09T06:39:11.364+0000] {dagbag.py:539} INFO - Filling up the DagBag from /home/airflow/.local/lib/python3.8/site-packages/airflow/example_dags/example_dynamic_task_mapping_with_no_taskflow_operators.py
[2023-09-09T06:39:11.375+0000] {processor.py:839} INFO - DAG(s) dict_keys(['example_dynamic_task_mapping_with_no_taskflow_operators']) retrieved from /home/airflow/.local/lib/python3.8/site-packages/airflow/example_dags/example_dynamic_task_mapping_with_no_taskflow_operators.py
[2023-09-09T06:39:11.407+0000] {logging_mixin.py:151} INFO - [2023-09-09T06:39:11.406+0000] {dag.py:2915} INFO - Sync 1 DAGs
[2023-09-09T06:39:11.450+0000] {logging_mixin.py:151} INFO - [2023-09-09T06:39:11.450+0000] {dag.py:3696} INFO - Setting next_dagrun for example_dynamic_task_mapping_with_no_taskflow_operators to 2023-09-08T06:39:11.449357+00:00, run_after=2023-09-09T06:39:11.449357+00:00
[2023-09-09T06:39:11.475+0000] {processor.py:179} INFO - Processing /home/airflow/.local/lib/python3.8/site-packages/airflow/example_dags/example_dynamic_task_mapping_with_no_taskflow_operators.py took 0.124 seconds
