[2023-09-09T06:37:26.006+0000] {processor.py:157} INFO - Started process (PID=44) to work on /home/airflow/.local/lib/python3.8/site-packages/airflow/example_dags/example_setup_teardown_taskflow.py
[2023-09-09T06:37:26.012+0000] {processor.py:829} INFO - Processing file /home/airflow/.local/lib/python3.8/site-packages/airflow/example_dags/example_setup_teardown_taskflow.py for tasks to queue
[2023-09-09T06:37:26.025+0000] {logging_mixin.py:151} INFO - [2023-09-09T06:37:26.024+0000] {dagbag.py:539} INFO - Filling up the DagBag from /home/airflow/.local/lib/python3.8/site-packages/airflow/example_dags/example_setup_teardown_taskflow.py
[2023-09-09T06:37:26.059+0000] {processor.py:839} INFO - DAG(s) dict_keys(['example_setup_teardown_taskflow']) retrieved from /home/airflow/.local/lib/python3.8/site-packages/airflow/example_dags/example_setup_teardown_taskflow.py
[2023-09-09T06:37:26.090+0000] {logging_mixin.py:151} INFO - [2023-09-09T06:37:26.090+0000] {dag.py:2915} INFO - Sync 1 DAGs
[2023-09-09T06:37:26.126+0000] {logging_mixin.py:151} INFO - [2023-09-09T06:37:26.126+0000] {dag.py:3696} INFO - Setting next_dagrun for example_setup_teardown_taskflow to 2023-09-08T06:37:26.125568+00:00, run_after=2023-09-09T06:37:26.125568+00:00
[2023-09-09T06:37:26.189+0000] {processor.py:179} INFO - Processing /home/airflow/.local/lib/python3.8/site-packages/airflow/example_dags/example_setup_teardown_taskflow.py took 0.207 seconds
[2023-09-09T06:37:59.195+0000] {processor.py:157} INFO - Started process (PID=100) to work on /home/airflow/.local/lib/python3.8/site-packages/airflow/example_dags/example_setup_teardown_taskflow.py
[2023-09-09T06:37:59.197+0000] {processor.py:829} INFO - Processing file /home/airflow/.local/lib/python3.8/site-packages/airflow/example_dags/example_setup_teardown_taskflow.py for tasks to queue
[2023-09-09T06:37:59.200+0000] {logging_mixin.py:151} INFO - [2023-09-09T06:37:59.200+0000] {dagbag.py:539} INFO - Filling up the DagBag from /home/airflow/.local/lib/python3.8/site-packages/airflow/example_dags/example_setup_teardown_taskflow.py
[2023-09-09T06:37:59.215+0000] {processor.py:839} INFO - DAG(s) dict_keys(['example_setup_teardown_taskflow']) retrieved from /home/airflow/.local/lib/python3.8/site-packages/airflow/example_dags/example_setup_teardown_taskflow.py
[2023-09-09T06:37:59.244+0000] {logging_mixin.py:151} INFO - [2023-09-09T06:37:59.244+0000] {dag.py:2915} INFO - Sync 1 DAGs
[2023-09-09T06:37:59.272+0000] {logging_mixin.py:151} INFO - [2023-09-09T06:37:59.272+0000] {dag.py:3696} INFO - Setting next_dagrun for example_setup_teardown_taskflow to 2023-09-08T06:37:59.271642+00:00, run_after=2023-09-09T06:37:59.271642+00:00
[2023-09-09T06:37:59.297+0000] {processor.py:179} INFO - Processing /home/airflow/.local/lib/python3.8/site-packages/airflow/example_dags/example_setup_teardown_taskflow.py took 0.106 seconds
[2023-09-09T06:38:30.504+0000] {processor.py:157} INFO - Started process (PID=155) to work on /home/airflow/.local/lib/python3.8/site-packages/airflow/example_dags/example_setup_teardown_taskflow.py
[2023-09-09T06:38:30.506+0000] {processor.py:829} INFO - Processing file /home/airflow/.local/lib/python3.8/site-packages/airflow/example_dags/example_setup_teardown_taskflow.py for tasks to queue
[2023-09-09T06:38:30.511+0000] {logging_mixin.py:151} INFO - [2023-09-09T06:38:30.510+0000] {dagbag.py:539} INFO - Filling up the DagBag from /home/airflow/.local/lib/python3.8/site-packages/airflow/example_dags/example_setup_teardown_taskflow.py
[2023-09-09T06:38:30.525+0000] {processor.py:839} INFO - DAG(s) dict_keys(['example_setup_teardown_taskflow']) retrieved from /home/airflow/.local/lib/python3.8/site-packages/airflow/example_dags/example_setup_teardown_taskflow.py
[2023-09-09T06:38:30.557+0000] {logging_mixin.py:151} INFO - [2023-09-09T06:38:30.557+0000] {dag.py:2915} INFO - Sync 1 DAGs
[2023-09-09T06:38:30.586+0000] {logging_mixin.py:151} INFO - [2023-09-09T06:38:30.586+0000] {dag.py:3696} INFO - Setting next_dagrun for example_setup_teardown_taskflow to 2023-09-08T06:38:30.585804+00:00, run_after=2023-09-09T06:38:30.585804+00:00
[2023-09-09T06:38:30.616+0000] {processor.py:179} INFO - Processing /home/airflow/.local/lib/python3.8/site-packages/airflow/example_dags/example_setup_teardown_taskflow.py took 0.118 seconds
[2023-09-09T06:39:10.359+0000] {processor.py:157} INFO - Started process (PID=210) to work on /home/airflow/.local/lib/python3.8/site-packages/airflow/example_dags/example_setup_teardown_taskflow.py
[2023-09-09T06:39:10.360+0000] {processor.py:829} INFO - Processing file /home/airflow/.local/lib/python3.8/site-packages/airflow/example_dags/example_setup_teardown_taskflow.py for tasks to queue
[2023-09-09T06:39:10.366+0000] {logging_mixin.py:151} INFO - [2023-09-09T06:39:10.365+0000] {dagbag.py:539} INFO - Filling up the DagBag from /home/airflow/.local/lib/python3.8/site-packages/airflow/example_dags/example_setup_teardown_taskflow.py
[2023-09-09T06:39:10.384+0000] {processor.py:839} INFO - DAG(s) dict_keys(['example_setup_teardown_taskflow']) retrieved from /home/airflow/.local/lib/python3.8/site-packages/airflow/example_dags/example_setup_teardown_taskflow.py
[2023-09-09T06:39:10.419+0000] {logging_mixin.py:151} INFO - [2023-09-09T06:39:10.418+0000] {dag.py:2915} INFO - Sync 1 DAGs
[2023-09-09T06:39:10.450+0000] {logging_mixin.py:151} INFO - [2023-09-09T06:39:10.450+0000] {dag.py:3696} INFO - Setting next_dagrun for example_setup_teardown_taskflow to 2023-09-08T06:39:10.449993+00:00, run_after=2023-09-09T06:39:10.449993+00:00
[2023-09-09T06:39:10.476+0000] {processor.py:179} INFO - Processing /home/airflow/.local/lib/python3.8/site-packages/airflow/example_dags/example_setup_teardown_taskflow.py took 0.122 seconds
