[2023-09-09T06:37:36.565+0000] {processor.py:157} INFO - Started process (PID=70) to work on /home/airflow/.local/lib/python3.8/site-packages/airflow/example_dags/example_latest_only_with_trigger.py
[2023-09-09T06:37:36.569+0000] {processor.py:829} INFO - Processing file /home/airflow/.local/lib/python3.8/site-packages/airflow/example_dags/example_latest_only_with_trigger.py for tasks to queue
[2023-09-09T06:37:36.574+0000] {logging_mixin.py:151} INFO - [2023-09-09T06:37:36.573+0000] {dagbag.py:539} INFO - Filling up the DagBag from /home/airflow/.local/lib/python3.8/site-packages/airflow/example_dags/example_latest_only_with_trigger.py
[2023-09-09T06:37:36.603+0000] {processor.py:839} INFO - DAG(s) dict_keys(['latest_only_with_trigger']) retrieved from /home/airflow/.local/lib/python3.8/site-packages/airflow/example_dags/example_latest_only_with_trigger.py
[2023-09-09T06:37:36.692+0000] {logging_mixin.py:151} INFO - [2023-09-09T06:37:36.691+0000] {dag.py:2915} INFO - Sync 1 DAGs
[2023-09-09T06:37:36.843+0000] {logging_mixin.py:151} INFO - [2023-09-09T06:37:36.836+0000] {dag.py:3696} INFO - Setting next_dagrun for latest_only_with_trigger to 2023-09-09T02:37:36.832920+00:00, run_after=2023-09-09T06:37:36.832920+00:00
[2023-09-09T06:37:36.973+0000] {processor.py:179} INFO - Processing /home/airflow/.local/lib/python3.8/site-packages/airflow/example_dags/example_latest_only_with_trigger.py took 0.415 seconds
[2023-09-09T06:38:07.376+0000] {processor.py:157} INFO - Started process (PID=126) to work on /home/airflow/.local/lib/python3.8/site-packages/airflow/example_dags/example_latest_only_with_trigger.py
[2023-09-09T06:38:07.378+0000] {processor.py:829} INFO - Processing file /home/airflow/.local/lib/python3.8/site-packages/airflow/example_dags/example_latest_only_with_trigger.py for tasks to queue
[2023-09-09T06:38:07.383+0000] {logging_mixin.py:151} INFO - [2023-09-09T06:38:07.382+0000] {dagbag.py:539} INFO - Filling up the DagBag from /home/airflow/.local/lib/python3.8/site-packages/airflow/example_dags/example_latest_only_with_trigger.py
[2023-09-09T06:38:07.397+0000] {processor.py:839} INFO - DAG(s) dict_keys(['latest_only_with_trigger']) retrieved from /home/airflow/.local/lib/python3.8/site-packages/airflow/example_dags/example_latest_only_with_trigger.py
[2023-09-09T06:38:07.439+0000] {logging_mixin.py:151} INFO - [2023-09-09T06:38:07.438+0000] {dag.py:2915} INFO - Sync 1 DAGs
[2023-09-09T06:38:07.485+0000] {logging_mixin.py:151} INFO - [2023-09-09T06:38:07.484+0000] {dag.py:3696} INFO - Setting next_dagrun for latest_only_with_trigger to 2023-09-09T02:38:07.484320+00:00, run_after=2023-09-09T06:38:07.484320+00:00
[2023-09-09T06:38:07.518+0000] {processor.py:179} INFO - Processing /home/airflow/.local/lib/python3.8/site-packages/airflow/example_dags/example_latest_only_with_trigger.py took 0.149 seconds
[2023-09-09T06:38:43.572+0000] {processor.py:157} INFO - Started process (PID=189) to work on /home/airflow/.local/lib/python3.8/site-packages/airflow/example_dags/example_latest_only_with_trigger.py
[2023-09-09T06:38:43.575+0000] {processor.py:829} INFO - Processing file /home/airflow/.local/lib/python3.8/site-packages/airflow/example_dags/example_latest_only_with_trigger.py for tasks to queue
[2023-09-09T06:38:43.579+0000] {logging_mixin.py:151} INFO - [2023-09-09T06:38:43.579+0000] {dagbag.py:539} INFO - Filling up the DagBag from /home/airflow/.local/lib/python3.8/site-packages/airflow/example_dags/example_latest_only_with_trigger.py
[2023-09-09T06:38:43.590+0000] {processor.py:839} INFO - DAG(s) dict_keys(['latest_only_with_trigger']) retrieved from /home/airflow/.local/lib/python3.8/site-packages/airflow/example_dags/example_latest_only_with_trigger.py
[2023-09-09T06:38:43.623+0000] {logging_mixin.py:151} INFO - [2023-09-09T06:38:43.623+0000] {dag.py:2915} INFO - Sync 1 DAGs
[2023-09-09T06:38:43.653+0000] {logging_mixin.py:151} INFO - [2023-09-09T06:38:43.653+0000] {dag.py:3696} INFO - Setting next_dagrun for latest_only_with_trigger to 2023-09-09T02:38:43.652806+00:00, run_after=2023-09-09T06:38:43.652806+00:00
[2023-09-09T06:38:43.688+0000] {processor.py:179} INFO - Processing /home/airflow/.local/lib/python3.8/site-packages/airflow/example_dags/example_latest_only_with_trigger.py took 0.122 seconds
[2023-09-09T06:39:13.917+0000] {processor.py:157} INFO - Started process (PID=243) to work on /home/airflow/.local/lib/python3.8/site-packages/airflow/example_dags/example_latest_only_with_trigger.py
[2023-09-09T06:39:13.920+0000] {processor.py:829} INFO - Processing file /home/airflow/.local/lib/python3.8/site-packages/airflow/example_dags/example_latest_only_with_trigger.py for tasks to queue
[2023-09-09T06:39:13.924+0000] {logging_mixin.py:151} INFO - [2023-09-09T06:39:13.924+0000] {dagbag.py:539} INFO - Filling up the DagBag from /home/airflow/.local/lib/python3.8/site-packages/airflow/example_dags/example_latest_only_with_trigger.py
[2023-09-09T06:39:13.935+0000] {processor.py:839} INFO - DAG(s) dict_keys(['latest_only_with_trigger']) retrieved from /home/airflow/.local/lib/python3.8/site-packages/airflow/example_dags/example_latest_only_with_trigger.py
[2023-09-09T06:39:13.972+0000] {logging_mixin.py:151} INFO - [2023-09-09T06:39:13.972+0000] {dag.py:2915} INFO - Sync 1 DAGs
[2023-09-09T06:39:14.005+0000] {logging_mixin.py:151} INFO - [2023-09-09T06:39:14.005+0000] {dag.py:3696} INFO - Setting next_dagrun for latest_only_with_trigger to 2023-09-09T02:39:14.004970+00:00, run_after=2023-09-09T06:39:14.004970+00:00
[2023-09-09T06:39:14.034+0000] {processor.py:179} INFO - Processing /home/airflow/.local/lib/python3.8/site-packages/airflow/example_dags/example_latest_only_with_trigger.py took 0.122 seconds
