[2023-09-09T06:37:26.745+0000] {processor.py:157} INFO - Started process (PID=50) to work on /home/airflow/.local/lib/python3.8/site-packages/airflow/example_dags/example_xcomargs.py
[2023-09-09T06:37:26.747+0000] {processor.py:829} INFO - Processing file /home/airflow/.local/lib/python3.8/site-packages/airflow/example_dags/example_xcomargs.py for tasks to queue
[2023-09-09T06:37:26.752+0000] {logging_mixin.py:151} INFO - [2023-09-09T06:37:26.752+0000] {dagbag.py:539} INFO - Filling up the DagBag from /home/airflow/.local/lib/python3.8/site-packages/airflow/example_dags/example_xcomargs.py
[2023-09-09T06:37:26.778+0000] {processor.py:839} INFO - DAG(s) dict_keys(['example_xcom_args', 'example_xcom_args_with_operators']) retrieved from /home/airflow/.local/lib/python3.8/site-packages/airflow/example_dags/example_xcomargs.py
[2023-09-09T06:37:26.804+0000] {logging_mixin.py:151} INFO - [2023-09-09T06:37:26.804+0000] {dag.py:2915} INFO - Sync 2 DAGs
[2023-09-09T06:37:26.830+0000] {logging_mixin.py:151} INFO - [2023-09-09T06:37:26.829+0000] {dag.py:3696} INFO - Setting next_dagrun for example_xcom_args to None, run_after=None
[2023-09-09T06:37:26.836+0000] {logging_mixin.py:151} INFO - [2023-09-09T06:37:26.836+0000] {dag.py:3696} INFO - Setting next_dagrun for example_xcom_args_with_operators to None, run_after=None
[2023-09-09T06:37:26.864+0000] {processor.py:179} INFO - Processing /home/airflow/.local/lib/python3.8/site-packages/airflow/example_dags/example_xcomargs.py took 0.126 seconds
[2023-09-09T06:37:59.697+0000] {processor.py:157} INFO - Started process (PID=106) to work on /home/airflow/.local/lib/python3.8/site-packages/airflow/example_dags/example_xcomargs.py
[2023-09-09T06:37:59.699+0000] {processor.py:829} INFO - Processing file /home/airflow/.local/lib/python3.8/site-packages/airflow/example_dags/example_xcomargs.py for tasks to queue
[2023-09-09T06:37:59.704+0000] {logging_mixin.py:151} INFO - [2023-09-09T06:37:59.703+0000] {dagbag.py:539} INFO - Filling up the DagBag from /home/airflow/.local/lib/python3.8/site-packages/airflow/example_dags/example_xcomargs.py
[2023-09-09T06:37:59.719+0000] {processor.py:839} INFO - DAG(s) dict_keys(['example_xcom_args_with_operators', 'example_xcom_args']) retrieved from /home/airflow/.local/lib/python3.8/site-packages/airflow/example_dags/example_xcomargs.py
[2023-09-09T06:37:59.771+0000] {logging_mixin.py:151} INFO - [2023-09-09T06:37:59.771+0000] {dag.py:2915} INFO - Sync 2 DAGs
[2023-09-09T06:37:59.803+0000] {logging_mixin.py:151} INFO - [2023-09-09T06:37:59.803+0000] {dag.py:3696} INFO - Setting next_dagrun for example_xcom_args to None, run_after=None
[2023-09-09T06:37:59.812+0000] {logging_mixin.py:151} INFO - [2023-09-09T06:37:59.812+0000] {dag.py:3696} INFO - Setting next_dagrun for example_xcom_args_with_operators to None, run_after=None
[2023-09-09T06:37:59.846+0000] {processor.py:179} INFO - Processing /home/airflow/.local/lib/python3.8/site-packages/airflow/example_dags/example_xcomargs.py took 0.154 seconds
[2023-09-09T06:38:30.970+0000] {processor.py:157} INFO - Started process (PID=161) to work on /home/airflow/.local/lib/python3.8/site-packages/airflow/example_dags/example_xcomargs.py
[2023-09-09T06:38:30.973+0000] {processor.py:829} INFO - Processing file /home/airflow/.local/lib/python3.8/site-packages/airflow/example_dags/example_xcomargs.py for tasks to queue
[2023-09-09T06:38:30.977+0000] {logging_mixin.py:151} INFO - [2023-09-09T06:38:30.976+0000] {dagbag.py:539} INFO - Filling up the DagBag from /home/airflow/.local/lib/python3.8/site-packages/airflow/example_dags/example_xcomargs.py
[2023-09-09T06:38:30.988+0000] {processor.py:839} INFO - DAG(s) dict_keys(['example_xcom_args_with_operators', 'example_xcom_args']) retrieved from /home/airflow/.local/lib/python3.8/site-packages/airflow/example_dags/example_xcomargs.py
[2023-09-09T06:38:31.022+0000] {logging_mixin.py:151} INFO - [2023-09-09T06:38:31.022+0000] {dag.py:2915} INFO - Sync 2 DAGs
[2023-09-09T06:38:31.040+0000] {logging_mixin.py:151} INFO - [2023-09-09T06:38:31.040+0000] {dag.py:3696} INFO - Setting next_dagrun for example_xcom_args to None, run_after=None
[2023-09-09T06:38:31.046+0000] {logging_mixin.py:151} INFO - [2023-09-09T06:38:31.046+0000] {dag.py:3696} INFO - Setting next_dagrun for example_xcom_args_with_operators to None, run_after=None
[2023-09-09T06:38:31.072+0000] {processor.py:179} INFO - Processing /home/airflow/.local/lib/python3.8/site-packages/airflow/example_dags/example_xcomargs.py took 0.107 seconds
[2023-09-09T06:39:10.981+0000] {processor.py:157} INFO - Started process (PID=216) to work on /home/airflow/.local/lib/python3.8/site-packages/airflow/example_dags/example_xcomargs.py
[2023-09-09T06:39:10.983+0000] {processor.py:829} INFO - Processing file /home/airflow/.local/lib/python3.8/site-packages/airflow/example_dags/example_xcomargs.py for tasks to queue
[2023-09-09T06:39:10.988+0000] {logging_mixin.py:151} INFO - [2023-09-09T06:39:10.987+0000] {dagbag.py:539} INFO - Filling up the DagBag from /home/airflow/.local/lib/python3.8/site-packages/airflow/example_dags/example_xcomargs.py
[2023-09-09T06:39:11.004+0000] {processor.py:839} INFO - DAG(s) dict_keys(['example_xcom_args', 'example_xcom_args_with_operators']) retrieved from /home/airflow/.local/lib/python3.8/site-packages/airflow/example_dags/example_xcomargs.py
[2023-09-09T06:39:11.051+0000] {logging_mixin.py:151} INFO - [2023-09-09T06:39:11.051+0000] {dag.py:2915} INFO - Sync 2 DAGs
[2023-09-09T06:39:11.075+0000] {logging_mixin.py:151} INFO - [2023-09-09T06:39:11.075+0000] {dag.py:3696} INFO - Setting next_dagrun for example_xcom_args to None, run_after=None
[2023-09-09T06:39:11.082+0000] {logging_mixin.py:151} INFO - [2023-09-09T06:39:11.082+0000] {dag.py:3696} INFO - Setting next_dagrun for example_xcom_args_with_operators to None, run_after=None
[2023-09-09T06:39:11.113+0000] {processor.py:179} INFO - Processing /home/airflow/.local/lib/python3.8/site-packages/airflow/example_dags/example_xcomargs.py took 0.138 seconds
