[2023-09-09T06:37:28.350+0000] {processor.py:157} INFO - Started process (PID=60) to work on /home/airflow/.local/lib/python3.8/site-packages/airflow/example_dags/example_kubernetes_executor.py
[2023-09-09T06:37:28.370+0000] {processor.py:829} INFO - Processing file /home/airflow/.local/lib/python3.8/site-packages/airflow/example_dags/example_kubernetes_executor.py for tasks to queue
[2023-09-09T06:37:28.379+0000] {logging_mixin.py:151} INFO - [2023-09-09T06:37:28.379+0000] {dagbag.py:539} INFO - Filling up the DagBag from /home/airflow/.local/lib/python3.8/site-packages/airflow/example_dags/example_kubernetes_executor.py
[2023-09-09T06:37:29.938+0000] {processor.py:839} INFO - DAG(s) dict_keys(['example_kubernetes_executor']) retrieved from /home/airflow/.local/lib/python3.8/site-packages/airflow/example_dags/example_kubernetes_executor.py
[2023-09-09T06:37:30.125+0000] {logging_mixin.py:151} INFO - [2023-09-09T06:37:30.118+0000] {dag.py:2915} INFO - Sync 1 DAGs
[2023-09-09T06:37:30.157+0000] {logging_mixin.py:151} INFO - [2023-09-09T06:37:30.157+0000] {dag.py:3696} INFO - Setting next_dagrun for example_kubernetes_executor to None, run_after=None
[2023-09-09T06:37:30.346+0000] {processor.py:179} INFO - Processing /home/airflow/.local/lib/python3.8/site-packages/airflow/example_dags/example_kubernetes_executor.py took 2.029 seconds
[2023-09-09T06:38:00.719+0000] {processor.py:157} INFO - Started process (PID=116) to work on /home/airflow/.local/lib/python3.8/site-packages/airflow/example_dags/example_kubernetes_executor.py
[2023-09-09T06:38:00.720+0000] {processor.py:829} INFO - Processing file /home/airflow/.local/lib/python3.8/site-packages/airflow/example_dags/example_kubernetes_executor.py for tasks to queue
[2023-09-09T06:38:00.724+0000] {logging_mixin.py:151} INFO - [2023-09-09T06:38:00.723+0000] {dagbag.py:539} INFO - Filling up the DagBag from /home/airflow/.local/lib/python3.8/site-packages/airflow/example_dags/example_kubernetes_executor.py
[2023-09-09T06:38:01.345+0000] {processor.py:839} INFO - DAG(s) dict_keys(['example_kubernetes_executor']) retrieved from /home/airflow/.local/lib/python3.8/site-packages/airflow/example_dags/example_kubernetes_executor.py
[2023-09-09T06:38:01.433+0000] {logging_mixin.py:151} INFO - [2023-09-09T06:38:01.432+0000] {dag.py:2915} INFO - Sync 1 DAGs
[2023-09-09T06:38:01.455+0000] {logging_mixin.py:151} INFO - [2023-09-09T06:38:01.455+0000] {dag.py:3696} INFO - Setting next_dagrun for example_kubernetes_executor to None, run_after=None
[2023-09-09T06:38:01.489+0000] {processor.py:179} INFO - Processing /home/airflow/.local/lib/python3.8/site-packages/airflow/example_dags/example_kubernetes_executor.py took 0.775 seconds
[2023-09-09T06:38:31.981+0000] {processor.py:157} INFO - Started process (PID=171) to work on /home/airflow/.local/lib/python3.8/site-packages/airflow/example_dags/example_kubernetes_executor.py
[2023-09-09T06:38:31.984+0000] {processor.py:829} INFO - Processing file /home/airflow/.local/lib/python3.8/site-packages/airflow/example_dags/example_kubernetes_executor.py for tasks to queue
[2023-09-09T06:38:31.989+0000] {logging_mixin.py:151} INFO - [2023-09-09T06:38:31.988+0000] {dagbag.py:539} INFO - Filling up the DagBag from /home/airflow/.local/lib/python3.8/site-packages/airflow/example_dags/example_kubernetes_executor.py
[2023-09-09T06:38:32.387+0000] {processor.py:839} INFO - DAG(s) dict_keys(['example_kubernetes_executor']) retrieved from /home/airflow/.local/lib/python3.8/site-packages/airflow/example_dags/example_kubernetes_executor.py
[2023-09-09T06:38:32.465+0000] {logging_mixin.py:151} INFO - [2023-09-09T06:38:32.465+0000] {dag.py:2915} INFO - Sync 1 DAGs
[2023-09-09T06:38:32.501+0000] {logging_mixin.py:151} INFO - [2023-09-09T06:38:32.501+0000] {dag.py:3696} INFO - Setting next_dagrun for example_kubernetes_executor to None, run_after=None
[2023-09-09T06:38:32.666+0000] {processor.py:179} INFO - Processing /home/airflow/.local/lib/python3.8/site-packages/airflow/example_dags/example_kubernetes_executor.py took 0.690 seconds
[2023-09-09T06:39:12.524+0000] {processor.py:157} INFO - Started process (PID=226) to work on /home/airflow/.local/lib/python3.8/site-packages/airflow/example_dags/example_kubernetes_executor.py
[2023-09-09T06:39:12.551+0000] {processor.py:829} INFO - Processing file /home/airflow/.local/lib/python3.8/site-packages/airflow/example_dags/example_kubernetes_executor.py for tasks to queue
[2023-09-09T06:39:12.560+0000] {logging_mixin.py:151} INFO - [2023-09-09T06:39:12.558+0000] {dagbag.py:539} INFO - Filling up the DagBag from /home/airflow/.local/lib/python3.8/site-packages/airflow/example_dags/example_kubernetes_executor.py
[2023-09-09T06:39:13.029+0000] {processor.py:839} INFO - DAG(s) dict_keys(['example_kubernetes_executor']) retrieved from /home/airflow/.local/lib/python3.8/site-packages/airflow/example_dags/example_kubernetes_executor.py
[2023-09-09T06:39:13.102+0000] {logging_mixin.py:151} INFO - [2023-09-09T06:39:13.102+0000] {dag.py:2915} INFO - Sync 1 DAGs
[2023-09-09T06:39:13.123+0000] {logging_mixin.py:151} INFO - [2023-09-09T06:39:13.123+0000] {dag.py:3696} INFO - Setting next_dagrun for example_kubernetes_executor to None, run_after=None
[2023-09-09T06:39:13.160+0000] {processor.py:179} INFO - Processing /home/airflow/.local/lib/python3.8/site-packages/airflow/example_dags/example_kubernetes_executor.py took 0.646 seconds
