[2023-09-09T06:37:26.073+0000] {processor.py:157} INFO - Started process (PID=45) to work on /home/airflow/.local/lib/python3.8/site-packages/airflow/example_dags/example_sensor_decorator.py
[2023-09-09T06:37:26.075+0000] {processor.py:829} INFO - Processing file /home/airflow/.local/lib/python3.8/site-packages/airflow/example_dags/example_sensor_decorator.py for tasks to queue
[2023-09-09T06:37:26.079+0000] {logging_mixin.py:151} INFO - [2023-09-09T06:37:26.079+0000] {dagbag.py:539} INFO - Filling up the DagBag from /home/airflow/.local/lib/python3.8/site-packages/airflow/example_dags/example_sensor_decorator.py
[2023-09-09T06:37:26.091+0000] {processor.py:839} INFO - DAG(s) dict_keys(['example_sensor_decorator']) retrieved from /home/airflow/.local/lib/python3.8/site-packages/airflow/example_dags/example_sensor_decorator.py
[2023-09-09T06:37:26.113+0000] {logging_mixin.py:151} INFO - [2023-09-09T06:37:26.112+0000] {dag.py:2915} INFO - Sync 1 DAGs
[2023-09-09T06:37:26.141+0000] {logging_mixin.py:151} INFO - [2023-09-09T06:37:26.141+0000] {dag.py:3696} INFO - Setting next_dagrun for example_sensor_decorator to None, run_after=None
[2023-09-09T06:37:26.184+0000] {processor.py:179} INFO - Processing /home/airflow/.local/lib/python3.8/site-packages/airflow/example_dags/example_sensor_decorator.py took 0.117 seconds
[2023-09-09T06:37:59.300+0000] {processor.py:157} INFO - Started process (PID=101) to work on /home/airflow/.local/lib/python3.8/site-packages/airflow/example_dags/example_sensor_decorator.py
[2023-09-09T06:37:59.302+0000] {processor.py:829} INFO - Processing file /home/airflow/.local/lib/python3.8/site-packages/airflow/example_dags/example_sensor_decorator.py for tasks to queue
[2023-09-09T06:37:59.306+0000] {logging_mixin.py:151} INFO - [2023-09-09T06:37:59.305+0000] {dagbag.py:539} INFO - Filling up the DagBag from /home/airflow/.local/lib/python3.8/site-packages/airflow/example_dags/example_sensor_decorator.py
[2023-09-09T06:37:59.317+0000] {processor.py:839} INFO - DAG(s) dict_keys(['example_sensor_decorator']) retrieved from /home/airflow/.local/lib/python3.8/site-packages/airflow/example_dags/example_sensor_decorator.py
[2023-09-09T06:37:59.351+0000] {logging_mixin.py:151} INFO - [2023-09-09T06:37:59.351+0000] {dag.py:2915} INFO - Sync 1 DAGs
[2023-09-09T06:37:59.369+0000] {logging_mixin.py:151} INFO - [2023-09-09T06:37:59.369+0000] {dag.py:3696} INFO - Setting next_dagrun for example_sensor_decorator to None, run_after=None
[2023-09-09T06:37:59.393+0000] {processor.py:179} INFO - Processing /home/airflow/.local/lib/python3.8/site-packages/airflow/example_dags/example_sensor_decorator.py took 0.098 seconds
[2023-09-09T06:38:30.628+0000] {processor.py:157} INFO - Started process (PID=156) to work on /home/airflow/.local/lib/python3.8/site-packages/airflow/example_dags/example_sensor_decorator.py
[2023-09-09T06:38:30.630+0000] {processor.py:829} INFO - Processing file /home/airflow/.local/lib/python3.8/site-packages/airflow/example_dags/example_sensor_decorator.py for tasks to queue
[2023-09-09T06:38:30.635+0000] {logging_mixin.py:151} INFO - [2023-09-09T06:38:30.634+0000] {dagbag.py:539} INFO - Filling up the DagBag from /home/airflow/.local/lib/python3.8/site-packages/airflow/example_dags/example_sensor_decorator.py
[2023-09-09T06:38:30.647+0000] {processor.py:839} INFO - DAG(s) dict_keys(['example_sensor_decorator']) retrieved from /home/airflow/.local/lib/python3.8/site-packages/airflow/example_dags/example_sensor_decorator.py
[2023-09-09T06:38:30.680+0000] {logging_mixin.py:151} INFO - [2023-09-09T06:38:30.680+0000] {dag.py:2915} INFO - Sync 1 DAGs
[2023-09-09T06:38:30.698+0000] {logging_mixin.py:151} INFO - [2023-09-09T06:38:30.698+0000] {dag.py:3696} INFO - Setting next_dagrun for example_sensor_decorator to None, run_after=None
[2023-09-09T06:38:30.719+0000] {processor.py:179} INFO - Processing /home/airflow/.local/lib/python3.8/site-packages/airflow/example_dags/example_sensor_decorator.py took 0.097 seconds
[2023-09-09T06:39:10.490+0000] {processor.py:157} INFO - Started process (PID=211) to work on /home/airflow/.local/lib/python3.8/site-packages/airflow/example_dags/example_sensor_decorator.py
[2023-09-09T06:39:10.493+0000] {processor.py:829} INFO - Processing file /home/airflow/.local/lib/python3.8/site-packages/airflow/example_dags/example_sensor_decorator.py for tasks to queue
[2023-09-09T06:39:10.498+0000] {logging_mixin.py:151} INFO - [2023-09-09T06:39:10.498+0000] {dagbag.py:539} INFO - Filling up the DagBag from /home/airflow/.local/lib/python3.8/site-packages/airflow/example_dags/example_sensor_decorator.py
[2023-09-09T06:39:10.510+0000] {processor.py:839} INFO - DAG(s) dict_keys(['example_sensor_decorator']) retrieved from /home/airflow/.local/lib/python3.8/site-packages/airflow/example_dags/example_sensor_decorator.py
[2023-09-09T06:39:10.546+0000] {logging_mixin.py:151} INFO - [2023-09-09T06:39:10.546+0000] {dag.py:2915} INFO - Sync 1 DAGs
[2023-09-09T06:39:10.565+0000] {logging_mixin.py:151} INFO - [2023-09-09T06:39:10.565+0000] {dag.py:3696} INFO - Setting next_dagrun for example_sensor_decorator to None, run_after=None
[2023-09-09T06:39:10.590+0000] {processor.py:179} INFO - Processing /home/airflow/.local/lib/python3.8/site-packages/airflow/example_dags/example_sensor_decorator.py took 0.109 seconds
