[2023-09-09T06:37:31.334+0000] {processor.py:157} INFO - Started process (PID=65) to work on /home/airflow/.local/lib/python3.8/site-packages/airflow/example_dags/example_subdag_operator.py
[2023-09-09T06:37:31.337+0000] {processor.py:829} INFO - Processing file /home/airflow/.local/lib/python3.8/site-packages/airflow/example_dags/example_subdag_operator.py for tasks to queue
[2023-09-09T06:37:31.344+0000] {logging_mixin.py:151} INFO - [2023-09-09T06:37:31.342+0000] {dagbag.py:539} INFO - Filling up the DagBag from /home/airflow/.local/lib/python3.8/site-packages/airflow/example_dags/example_subdag_operator.py
[2023-09-09T06:37:31.492+0000] {processor.py:839} INFO - DAG(s) dict_keys(['example_subdag_operator.section-1', 'example_subdag_operator.section-2', 'example_subdag_operator']) retrieved from /home/airflow/.local/lib/python3.8/site-packages/airflow/example_dags/example_subdag_operator.py
[2023-09-09T06:37:31.510+0000] {logging_mixin.py:151} INFO - [2023-09-09T06:37:31.509+0000] {dag.py:2915} INFO - Sync 3 DAGs
[2023-09-09T06:37:33.347+0000] {logging_mixin.py:151} INFO - [2023-09-09T06:37:33.333+0000] {dag.py:3696} INFO - Setting next_dagrun for example_subdag_operator to 2022-01-01T00:00:00+00:00, run_after=2022-01-01T00:00:00+00:00
[2023-09-09T06:37:33.383+0000] {logging_mixin.py:151} INFO - [2023-09-09T06:37:33.382+0000] {dag.py:3696} INFO - Setting next_dagrun for example_subdag_operator.section-1 to None, run_after=None
[2023-09-09T06:37:33.394+0000] {logging_mixin.py:151} INFO - [2023-09-09T06:37:33.393+0000] {dag.py:3696} INFO - Setting next_dagrun for example_subdag_operator.section-2 to None, run_after=None
[2023-09-09T06:37:33.632+0000] {logging_mixin.py:151} INFO - [2023-09-09T06:37:33.631+0000] {dag.py:2915} INFO - Sync 2 DAGs
[2023-09-09T06:37:33.688+0000] {logging_mixin.py:151} INFO - [2023-09-09T06:37:33.688+0000] {dag.py:3696} INFO - Setting next_dagrun for example_subdag_operator.section-1 to None, run_after=None
[2023-09-09T06:37:33.692+0000] {logging_mixin.py:151} INFO - [2023-09-09T06:37:33.690+0000] {dag.py:3696} INFO - Setting next_dagrun for example_subdag_operator.section-2 to None, run_after=None
[2023-09-09T06:37:33.777+0000] {processor.py:179} INFO - Processing /home/airflow/.local/lib/python3.8/site-packages/airflow/example_dags/example_subdag_operator.py took 2.451 seconds
[2023-09-09T06:38:03.867+0000] {processor.py:157} INFO - Started process (PID=121) to work on /home/airflow/.local/lib/python3.8/site-packages/airflow/example_dags/example_subdag_operator.py
[2023-09-09T06:38:03.868+0000] {processor.py:829} INFO - Processing file /home/airflow/.local/lib/python3.8/site-packages/airflow/example_dags/example_subdag_operator.py for tasks to queue
[2023-09-09T06:38:03.871+0000] {logging_mixin.py:151} INFO - [2023-09-09T06:38:03.871+0000] {dagbag.py:539} INFO - Filling up the DagBag from /home/airflow/.local/lib/python3.8/site-packages/airflow/example_dags/example_subdag_operator.py
[2023-09-09T06:38:03.903+0000] {processor.py:839} INFO - DAG(s) dict_keys(['example_subdag_operator.section-1', 'example_subdag_operator.section-2', 'example_subdag_operator']) retrieved from /home/airflow/.local/lib/python3.8/site-packages/airflow/example_dags/example_subdag_operator.py
[2023-09-09T06:38:03.921+0000] {logging_mixin.py:151} INFO - [2023-09-09T06:38:03.920+0000] {dag.py:2915} INFO - Sync 3 DAGs
[2023-09-09T06:38:03.945+0000] {logging_mixin.py:151} INFO - [2023-09-09T06:38:03.944+0000] {dag.py:3696} INFO - Setting next_dagrun for example_subdag_operator to 2022-01-01T00:00:00+00:00, run_after=2022-01-01T00:00:00+00:00
[2023-09-09T06:38:03.949+0000] {logging_mixin.py:151} INFO - [2023-09-09T06:38:03.949+0000] {dag.py:3696} INFO - Setting next_dagrun for example_subdag_operator.section-1 to None, run_after=None
[2023-09-09T06:38:03.951+0000] {logging_mixin.py:151} INFO - [2023-09-09T06:38:03.951+0000] {dag.py:3696} INFO - Setting next_dagrun for example_subdag_operator.section-2 to None, run_after=None
[2023-09-09T06:38:03.960+0000] {logging_mixin.py:151} INFO - [2023-09-09T06:38:03.960+0000] {dag.py:2915} INFO - Sync 2 DAGs
[2023-09-09T06:38:03.967+0000] {logging_mixin.py:151} INFO - [2023-09-09T06:38:03.966+0000] {dag.py:3696} INFO - Setting next_dagrun for example_subdag_operator.section-1 to None, run_after=None
[2023-09-09T06:38:03.968+0000] {logging_mixin.py:151} INFO - [2023-09-09T06:38:03.968+0000] {dag.py:3696} INFO - Setting next_dagrun for example_subdag_operator.section-2 to None, run_after=None
[2023-09-09T06:38:03.981+0000] {processor.py:179} INFO - Processing /home/airflow/.local/lib/python3.8/site-packages/airflow/example_dags/example_subdag_operator.py took 0.118 seconds
[2023-09-09T06:38:34.637+0000] {processor.py:157} INFO - Started process (PID=176) to work on /home/airflow/.local/lib/python3.8/site-packages/airflow/example_dags/example_subdag_operator.py
[2023-09-09T06:38:34.647+0000] {processor.py:829} INFO - Processing file /home/airflow/.local/lib/python3.8/site-packages/airflow/example_dags/example_subdag_operator.py for tasks to queue
[2023-09-09T06:38:34.939+0000] {logging_mixin.py:151} INFO - [2023-09-09T06:38:34.909+0000] {dagbag.py:539} INFO - Filling up the DagBag from /home/airflow/.local/lib/python3.8/site-packages/airflow/example_dags/example_subdag_operator.py
[2023-09-09T06:38:42.585+0000] {processor.py:839} INFO - DAG(s) dict_keys(['example_subdag_operator.section-1', 'example_subdag_operator.section-2', 'example_subdag_operator']) retrieved from /home/airflow/.local/lib/python3.8/site-packages/airflow/example_dags/example_subdag_operator.py
[2023-09-09T06:38:42.670+0000] {logging_mixin.py:151} INFO - [2023-09-09T06:38:42.669+0000] {dag.py:2915} INFO - Sync 3 DAGs
[2023-09-09T06:38:42.905+0000] {logging_mixin.py:151} INFO - [2023-09-09T06:38:42.904+0000] {dag.py:3696} INFO - Setting next_dagrun for example_subdag_operator to 2022-01-01T00:00:00+00:00, run_after=2022-01-01T00:00:00+00:00
[2023-09-09T06:38:42.916+0000] {logging_mixin.py:151} INFO - [2023-09-09T06:38:42.915+0000] {dag.py:3696} INFO - Setting next_dagrun for example_subdag_operator.section-1 to None, run_after=None
[2023-09-09T06:38:42.921+0000] {logging_mixin.py:151} INFO - [2023-09-09T06:38:42.921+0000] {dag.py:3696} INFO - Setting next_dagrun for example_subdag_operator.section-2 to None, run_after=None
[2023-09-09T06:38:42.944+0000] {logging_mixin.py:151} INFO - [2023-09-09T06:38:42.943+0000] {dag.py:2915} INFO - Sync 2 DAGs
[2023-09-09T06:38:42.954+0000] {logging_mixin.py:151} INFO - [2023-09-09T06:38:42.953+0000] {dag.py:3696} INFO - Setting next_dagrun for example_subdag_operator.section-1 to None, run_after=None
[2023-09-09T06:38:42.955+0000] {logging_mixin.py:151} INFO - [2023-09-09T06:38:42.955+0000] {dag.py:3696} INFO - Setting next_dagrun for example_subdag_operator.section-2 to None, run_after=None
[2023-09-09T06:38:42.970+0000] {processor.py:179} INFO - Processing /home/airflow/.local/lib/python3.8/site-packages/airflow/example_dags/example_subdag_operator.py took 8.361 seconds
[2023-09-09T06:39:13.399+0000] {processor.py:157} INFO - Started process (PID=238) to work on /home/airflow/.local/lib/python3.8/site-packages/airflow/example_dags/example_subdag_operator.py
[2023-09-09T06:39:13.401+0000] {processor.py:829} INFO - Processing file /home/airflow/.local/lib/python3.8/site-packages/airflow/example_dags/example_subdag_operator.py for tasks to queue
[2023-09-09T06:39:13.407+0000] {logging_mixin.py:151} INFO - [2023-09-09T06:39:13.407+0000] {dagbag.py:539} INFO - Filling up the DagBag from /home/airflow/.local/lib/python3.8/site-packages/airflow/example_dags/example_subdag_operator.py
[2023-09-09T06:39:13.459+0000] {processor.py:839} INFO - DAG(s) dict_keys(['example_subdag_operator.section-1', 'example_subdag_operator.section-2', 'example_subdag_operator']) retrieved from /home/airflow/.local/lib/python3.8/site-packages/airflow/example_dags/example_subdag_operator.py
[2023-09-09T06:39:13.487+0000] {logging_mixin.py:151} INFO - [2023-09-09T06:39:13.487+0000] {dag.py:2915} INFO - Sync 3 DAGs
[2023-09-09T06:39:13.520+0000] {logging_mixin.py:151} INFO - [2023-09-09T06:39:13.520+0000] {dag.py:3696} INFO - Setting next_dagrun for example_subdag_operator to 2022-01-01T00:00:00+00:00, run_after=2022-01-01T00:00:00+00:00
[2023-09-09T06:39:13.529+0000] {logging_mixin.py:151} INFO - [2023-09-09T06:39:13.529+0000] {dag.py:3696} INFO - Setting next_dagrun for example_subdag_operator.section-1 to None, run_after=None
[2023-09-09T06:39:13.532+0000] {logging_mixin.py:151} INFO - [2023-09-09T06:39:13.532+0000] {dag.py:3696} INFO - Setting next_dagrun for example_subdag_operator.section-2 to None, run_after=None
[2023-09-09T06:39:13.547+0000] {logging_mixin.py:151} INFO - [2023-09-09T06:39:13.547+0000] {dag.py:2915} INFO - Sync 2 DAGs
[2023-09-09T06:39:13.559+0000] {logging_mixin.py:151} INFO - [2023-09-09T06:39:13.559+0000] {dag.py:3696} INFO - Setting next_dagrun for example_subdag_operator.section-1 to None, run_after=None
[2023-09-09T06:39:13.561+0000] {logging_mixin.py:151} INFO - [2023-09-09T06:39:13.561+0000] {dag.py:3696} INFO - Setting next_dagrun for example_subdag_operator.section-2 to None, run_after=None
[2023-09-09T06:39:13.587+0000] {processor.py:179} INFO - Processing /home/airflow/.local/lib/python3.8/site-packages/airflow/example_dags/example_subdag_operator.py took 0.194 seconds
