[2023-09-09T06:37:25.451+0000] {processor.py:157} INFO - Started process (PID=39) to work on /home/airflow/.local/lib/python3.8/site-packages/airflow/example_dags/example_skip_dag.py
[2023-09-09T06:37:25.456+0000] {processor.py:829} INFO - Processing file /home/airflow/.local/lib/python3.8/site-packages/airflow/example_dags/example_skip_dag.py for tasks to queue
[2023-09-09T06:37:25.467+0000] {logging_mixin.py:151} INFO - [2023-09-09T06:37:25.466+0000] {dagbag.py:539} INFO - Filling up the DagBag from /home/airflow/.local/lib/python3.8/site-packages/airflow/example_dags/example_skip_dag.py
[2023-09-09T06:37:25.503+0000] {processor.py:839} INFO - DAG(s) dict_keys(['example_skip_dag']) retrieved from /home/airflow/.local/lib/python3.8/site-packages/airflow/example_dags/example_skip_dag.py
[2023-09-09T06:37:25.535+0000] {logging_mixin.py:151} INFO - [2023-09-09T06:37:25.534+0000] {dag.py:2915} INFO - Sync 1 DAGs
[2023-09-09T06:37:25.578+0000] {logging_mixin.py:151} INFO - [2023-09-09T06:37:25.577+0000] {dag.py:3696} INFO - Setting next_dagrun for example_skip_dag to 2023-09-08T06:37:25.577545+00:00, run_after=2023-09-09T06:37:25.577545+00:00
[2023-09-09T06:37:25.607+0000] {processor.py:179} INFO - Processing /home/airflow/.local/lib/python3.8/site-packages/airflow/example_dags/example_skip_dag.py took 0.167 seconds
[2023-09-09T06:37:58.799+0000] {processor.py:157} INFO - Started process (PID=95) to work on /home/airflow/.local/lib/python3.8/site-packages/airflow/example_dags/example_skip_dag.py
[2023-09-09T06:37:58.800+0000] {processor.py:829} INFO - Processing file /home/airflow/.local/lib/python3.8/site-packages/airflow/example_dags/example_skip_dag.py for tasks to queue
[2023-09-09T06:37:58.805+0000] {logging_mixin.py:151} INFO - [2023-09-09T06:37:58.804+0000] {dagbag.py:539} INFO - Filling up the DagBag from /home/airflow/.local/lib/python3.8/site-packages/airflow/example_dags/example_skip_dag.py
[2023-09-09T06:37:58.815+0000] {processor.py:839} INFO - DAG(s) dict_keys(['example_skip_dag']) retrieved from /home/airflow/.local/lib/python3.8/site-packages/airflow/example_dags/example_skip_dag.py
[2023-09-09T06:37:58.844+0000] {logging_mixin.py:151} INFO - [2023-09-09T06:37:58.844+0000] {dag.py:2915} INFO - Sync 1 DAGs
[2023-09-09T06:37:58.869+0000] {logging_mixin.py:151} INFO - [2023-09-09T06:37:58.869+0000] {dag.py:3696} INFO - Setting next_dagrun for example_skip_dag to 2023-09-08T06:37:58.868904+00:00, run_after=2023-09-09T06:37:58.868904+00:00
[2023-09-09T06:37:58.889+0000] {processor.py:179} INFO - Processing /home/airflow/.local/lib/python3.8/site-packages/airflow/example_dags/example_skip_dag.py took 0.095 seconds
[2023-09-09T06:38:30.160+0000] {processor.py:157} INFO - Started process (PID=150) to work on /home/airflow/.local/lib/python3.8/site-packages/airflow/example_dags/example_skip_dag.py
[2023-09-09T06:38:30.164+0000] {processor.py:829} INFO - Processing file /home/airflow/.local/lib/python3.8/site-packages/airflow/example_dags/example_skip_dag.py for tasks to queue
[2023-09-09T06:38:30.168+0000] {logging_mixin.py:151} INFO - [2023-09-09T06:38:30.167+0000] {dagbag.py:539} INFO - Filling up the DagBag from /home/airflow/.local/lib/python3.8/site-packages/airflow/example_dags/example_skip_dag.py
[2023-09-09T06:38:30.181+0000] {processor.py:839} INFO - DAG(s) dict_keys(['example_skip_dag']) retrieved from /home/airflow/.local/lib/python3.8/site-packages/airflow/example_dags/example_skip_dag.py
[2023-09-09T06:38:30.213+0000] {logging_mixin.py:151} INFO - [2023-09-09T06:38:30.213+0000] {dag.py:2915} INFO - Sync 1 DAGs
[2023-09-09T06:38:30.238+0000] {logging_mixin.py:151} INFO - [2023-09-09T06:38:30.238+0000] {dag.py:3696} INFO - Setting next_dagrun for example_skip_dag to 2023-09-08T06:38:30.237898+00:00, run_after=2023-09-09T06:38:30.237898+00:00
[2023-09-09T06:38:30.261+0000] {processor.py:179} INFO - Processing /home/airflow/.local/lib/python3.8/site-packages/airflow/example_dags/example_skip_dag.py took 0.106 seconds
[2023-09-09T06:39:09.907+0000] {processor.py:157} INFO - Started process (PID=205) to work on /home/airflow/.local/lib/python3.8/site-packages/airflow/example_dags/example_skip_dag.py
[2023-09-09T06:39:09.909+0000] {processor.py:829} INFO - Processing file /home/airflow/.local/lib/python3.8/site-packages/airflow/example_dags/example_skip_dag.py for tasks to queue
[2023-09-09T06:39:09.914+0000] {logging_mixin.py:151} INFO - [2023-09-09T06:39:09.913+0000] {dagbag.py:539} INFO - Filling up the DagBag from /home/airflow/.local/lib/python3.8/site-packages/airflow/example_dags/example_skip_dag.py
[2023-09-09T06:39:09.930+0000] {processor.py:839} INFO - DAG(s) dict_keys(['example_skip_dag']) retrieved from /home/airflow/.local/lib/python3.8/site-packages/airflow/example_dags/example_skip_dag.py
[2023-09-09T06:39:09.973+0000] {logging_mixin.py:151} INFO - [2023-09-09T06:39:09.973+0000] {dag.py:2915} INFO - Sync 1 DAGs
[2023-09-09T06:39:10.012+0000] {logging_mixin.py:151} INFO - [2023-09-09T06:39:10.012+0000] {dag.py:3696} INFO - Setting next_dagrun for example_skip_dag to 2023-09-08T06:39:10.011044+00:00, run_after=2023-09-09T06:39:10.011044+00:00
[2023-09-09T06:39:10.045+0000] {processor.py:179} INFO - Processing /home/airflow/.local/lib/python3.8/site-packages/airflow/example_dags/example_skip_dag.py took 0.143 seconds
