[2023-09-09T06:37:26.913+0000] {processor.py:157} INFO - Started process (PID=51) to work on /home/airflow/.local/lib/python3.8/site-packages/airflow/example_dags/example_time_delta_sensor_async.py
[2023-09-09T06:37:26.915+0000] {processor.py:829} INFO - Processing file /home/airflow/.local/lib/python3.8/site-packages/airflow/example_dags/example_time_delta_sensor_async.py for tasks to queue
[2023-09-09T06:37:26.923+0000] {logging_mixin.py:151} INFO - [2023-09-09T06:37:26.923+0000] {dagbag.py:539} INFO - Filling up the DagBag from /home/airflow/.local/lib/python3.8/site-packages/airflow/example_dags/example_time_delta_sensor_async.py
[2023-09-09T06:37:26.934+0000] {processor.py:839} INFO - DAG(s) dict_keys(['example_time_delta_sensor_async']) retrieved from /home/airflow/.local/lib/python3.8/site-packages/airflow/example_dags/example_time_delta_sensor_async.py
[2023-09-09T06:37:26.953+0000] {logging_mixin.py:151} INFO - [2023-09-09T06:37:26.953+0000] {dag.py:2915} INFO - Sync 1 DAGs
[2023-09-09T06:37:26.972+0000] {logging_mixin.py:151} INFO - [2023-09-09T06:37:26.972+0000] {dag.py:3696} INFO - Setting next_dagrun for example_time_delta_sensor_async to None, run_after=None
[2023-09-09T06:37:27.011+0000] {processor.py:179} INFO - Processing /home/airflow/.local/lib/python3.8/site-packages/airflow/example_dags/example_time_delta_sensor_async.py took 0.104 seconds
[2023-09-09T06:37:59.844+0000] {processor.py:157} INFO - Started process (PID=107) to work on /home/airflow/.local/lib/python3.8/site-packages/airflow/example_dags/example_time_delta_sensor_async.py
[2023-09-09T06:37:59.846+0000] {processor.py:829} INFO - Processing file /home/airflow/.local/lib/python3.8/site-packages/airflow/example_dags/example_time_delta_sensor_async.py for tasks to queue
[2023-09-09T06:37:59.851+0000] {logging_mixin.py:151} INFO - [2023-09-09T06:37:59.851+0000] {dagbag.py:539} INFO - Filling up the DagBag from /home/airflow/.local/lib/python3.8/site-packages/airflow/example_dags/example_time_delta_sensor_async.py
[2023-09-09T06:37:59.860+0000] {processor.py:839} INFO - DAG(s) dict_keys(['example_time_delta_sensor_async']) retrieved from /home/airflow/.local/lib/python3.8/site-packages/airflow/example_dags/example_time_delta_sensor_async.py
[2023-09-09T06:37:59.904+0000] {logging_mixin.py:151} INFO - [2023-09-09T06:37:59.904+0000] {dag.py:2915} INFO - Sync 1 DAGs
[2023-09-09T06:37:59.920+0000] {logging_mixin.py:151} INFO - [2023-09-09T06:37:59.920+0000] {dag.py:3696} INFO - Setting next_dagrun for example_time_delta_sensor_async to None, run_after=None
[2023-09-09T06:37:59.943+0000] {processor.py:179} INFO - Processing /home/airflow/.local/lib/python3.8/site-packages/airflow/example_dags/example_time_delta_sensor_async.py took 0.103 seconds
[2023-09-09T06:38:31.103+0000] {processor.py:157} INFO - Started process (PID=162) to work on /home/airflow/.local/lib/python3.8/site-packages/airflow/example_dags/example_time_delta_sensor_async.py
[2023-09-09T06:38:31.105+0000] {processor.py:829} INFO - Processing file /home/airflow/.local/lib/python3.8/site-packages/airflow/example_dags/example_time_delta_sensor_async.py for tasks to queue
[2023-09-09T06:38:31.109+0000] {logging_mixin.py:151} INFO - [2023-09-09T06:38:31.108+0000] {dagbag.py:539} INFO - Filling up the DagBag from /home/airflow/.local/lib/python3.8/site-packages/airflow/example_dags/example_time_delta_sensor_async.py
[2023-09-09T06:38:31.117+0000] {processor.py:839} INFO - DAG(s) dict_keys(['example_time_delta_sensor_async']) retrieved from /home/airflow/.local/lib/python3.8/site-packages/airflow/example_dags/example_time_delta_sensor_async.py
[2023-09-09T06:38:31.150+0000] {logging_mixin.py:151} INFO - [2023-09-09T06:38:31.150+0000] {dag.py:2915} INFO - Sync 1 DAGs
[2023-09-09T06:38:31.169+0000] {logging_mixin.py:151} INFO - [2023-09-09T06:38:31.169+0000] {dag.py:3696} INFO - Setting next_dagrun for example_time_delta_sensor_async to None, run_after=None
[2023-09-09T06:38:31.203+0000] {processor.py:179} INFO - Processing /home/airflow/.local/lib/python3.8/site-packages/airflow/example_dags/example_time_delta_sensor_async.py took 0.105 seconds
[2023-09-09T06:39:11.115+0000] {processor.py:157} INFO - Started process (PID=217) to work on /home/airflow/.local/lib/python3.8/site-packages/airflow/example_dags/example_time_delta_sensor_async.py
[2023-09-09T06:39:11.135+0000] {processor.py:829} INFO - Processing file /home/airflow/.local/lib/python3.8/site-packages/airflow/example_dags/example_time_delta_sensor_async.py for tasks to queue
[2023-09-09T06:39:11.141+0000] {logging_mixin.py:151} INFO - [2023-09-09T06:39:11.140+0000] {dagbag.py:539} INFO - Filling up the DagBag from /home/airflow/.local/lib/python3.8/site-packages/airflow/example_dags/example_time_delta_sensor_async.py
[2023-09-09T06:39:11.151+0000] {processor.py:839} INFO - DAG(s) dict_keys(['example_time_delta_sensor_async']) retrieved from /home/airflow/.local/lib/python3.8/site-packages/airflow/example_dags/example_time_delta_sensor_async.py
[2023-09-09T06:39:11.193+0000] {logging_mixin.py:151} INFO - [2023-09-09T06:39:11.192+0000] {dag.py:2915} INFO - Sync 1 DAGs
[2023-09-09T06:39:11.215+0000] {logging_mixin.py:151} INFO - [2023-09-09T06:39:11.215+0000] {dag.py:3696} INFO - Setting next_dagrun for example_time_delta_sensor_async to None, run_after=None
[2023-09-09T06:39:11.254+0000] {processor.py:179} INFO - Processing /home/airflow/.local/lib/python3.8/site-packages/airflow/example_dags/example_time_delta_sensor_async.py took 0.145 seconds
