[2023-09-09T06:37:26.418+0000] {processor.py:157} INFO - Started process (PID=48) to work on /home/airflow/.local/lib/python3.8/site-packages/airflow/example_dags/example_latest_only.py
[2023-09-09T06:37:26.420+0000] {processor.py:829} INFO - Processing file /home/airflow/.local/lib/python3.8/site-packages/airflow/example_dags/example_latest_only.py for tasks to queue
[2023-09-09T06:37:26.426+0000] {logging_mixin.py:151} INFO - [2023-09-09T06:37:26.425+0000] {dagbag.py:539} INFO - Filling up the DagBag from /home/airflow/.local/lib/python3.8/site-packages/airflow/example_dags/example_latest_only.py
[2023-09-09T06:37:26.443+0000] {processor.py:839} INFO - DAG(s) dict_keys(['latest_only']) retrieved from /home/airflow/.local/lib/python3.8/site-packages/airflow/example_dags/example_latest_only.py
[2023-09-09T06:37:26.468+0000] {logging_mixin.py:151} INFO - [2023-09-09T06:37:26.468+0000] {dag.py:2915} INFO - Sync 1 DAGs
[2023-09-09T06:37:26.566+0000] {logging_mixin.py:151} INFO - [2023-09-09T06:37:26.564+0000] {dag.py:3696} INFO - Setting next_dagrun for latest_only to 2023-09-09T02:37:26.564210+00:00, run_after=2023-09-09T06:37:26.564210+00:00
[2023-09-09T06:37:26.616+0000] {processor.py:179} INFO - Processing /home/airflow/.local/lib/python3.8/site-packages/airflow/example_dags/example_latest_only.py took 0.204 seconds
[2023-09-09T06:37:59.475+0000] {processor.py:157} INFO - Started process (PID=104) to work on /home/airflow/.local/lib/python3.8/site-packages/airflow/example_dags/example_latest_only.py
[2023-09-09T06:37:59.477+0000] {processor.py:829} INFO - Processing file /home/airflow/.local/lib/python3.8/site-packages/airflow/example_dags/example_latest_only.py for tasks to queue
[2023-09-09T06:37:59.481+0000] {logging_mixin.py:151} INFO - [2023-09-09T06:37:59.480+0000] {dagbag.py:539} INFO - Filling up the DagBag from /home/airflow/.local/lib/python3.8/site-packages/airflow/example_dags/example_latest_only.py
[2023-09-09T06:37:59.489+0000] {processor.py:839} INFO - DAG(s) dict_keys(['latest_only']) retrieved from /home/airflow/.local/lib/python3.8/site-packages/airflow/example_dags/example_latest_only.py
[2023-09-09T06:37:59.513+0000] {logging_mixin.py:151} INFO - [2023-09-09T06:37:59.513+0000] {dag.py:2915} INFO - Sync 1 DAGs
[2023-09-09T06:37:59.537+0000] {logging_mixin.py:151} INFO - [2023-09-09T06:37:59.537+0000] {dag.py:3696} INFO - Setting next_dagrun for latest_only to 2023-09-09T02:37:59.537094+00:00, run_after=2023-09-09T06:37:59.537094+00:00
[2023-09-09T06:37:59.561+0000] {processor.py:179} INFO - Processing /home/airflow/.local/lib/python3.8/site-packages/airflow/example_dags/example_latest_only.py took 0.091 seconds
[2023-09-09T06:38:30.811+0000] {processor.py:157} INFO - Started process (PID=159) to work on /home/airflow/.local/lib/python3.8/site-packages/airflow/example_dags/example_latest_only.py
[2023-09-09T06:38:30.813+0000] {processor.py:829} INFO - Processing file /home/airflow/.local/lib/python3.8/site-packages/airflow/example_dags/example_latest_only.py for tasks to queue
[2023-09-09T06:38:30.817+0000] {logging_mixin.py:151} INFO - [2023-09-09T06:38:30.817+0000] {dagbag.py:539} INFO - Filling up the DagBag from /home/airflow/.local/lib/python3.8/site-packages/airflow/example_dags/example_latest_only.py
[2023-09-09T06:38:30.825+0000] {processor.py:839} INFO - DAG(s) dict_keys(['latest_only']) retrieved from /home/airflow/.local/lib/python3.8/site-packages/airflow/example_dags/example_latest_only.py
[2023-09-09T06:38:30.850+0000] {logging_mixin.py:151} INFO - [2023-09-09T06:38:30.849+0000] {dag.py:2915} INFO - Sync 1 DAGs
[2023-09-09T06:38:30.879+0000] {logging_mixin.py:151} INFO - [2023-09-09T06:38:30.878+0000] {dag.py:3696} INFO - Setting next_dagrun for latest_only to 2023-09-09T02:38:30.878511+00:00, run_after=2023-09-09T06:38:30.878511+00:00
[2023-09-09T06:38:30.900+0000] {processor.py:179} INFO - Processing /home/airflow/.local/lib/python3.8/site-packages/airflow/example_dags/example_latest_only.py took 0.093 seconds
[2023-09-09T06:39:10.679+0000] {processor.py:157} INFO - Started process (PID=214) to work on /home/airflow/.local/lib/python3.8/site-packages/airflow/example_dags/example_latest_only.py
[2023-09-09T06:39:10.682+0000] {processor.py:829} INFO - Processing file /home/airflow/.local/lib/python3.8/site-packages/airflow/example_dags/example_latest_only.py for tasks to queue
[2023-09-09T06:39:10.686+0000] {logging_mixin.py:151} INFO - [2023-09-09T06:39:10.685+0000] {dagbag.py:539} INFO - Filling up the DagBag from /home/airflow/.local/lib/python3.8/site-packages/airflow/example_dags/example_latest_only.py
[2023-09-09T06:39:10.694+0000] {processor.py:839} INFO - DAG(s) dict_keys(['latest_only']) retrieved from /home/airflow/.local/lib/python3.8/site-packages/airflow/example_dags/example_latest_only.py
[2023-09-09T06:39:10.726+0000] {logging_mixin.py:151} INFO - [2023-09-09T06:39:10.726+0000] {dag.py:2915} INFO - Sync 1 DAGs
[2023-09-09T06:39:10.759+0000] {logging_mixin.py:151} INFO - [2023-09-09T06:39:10.759+0000] {dag.py:3696} INFO - Setting next_dagrun for latest_only to 2023-09-09T02:39:10.759026+00:00, run_after=2023-09-09T06:39:10.759026+00:00
[2023-09-09T06:39:10.792+0000] {processor.py:179} INFO - Processing /home/airflow/.local/lib/python3.8/site-packages/airflow/example_dags/example_latest_only.py took 0.118 seconds
