[2023-09-09T06:37:24.701+0000] {processor.py:157} INFO - Started process (PID=34) to work on /home/airflow/.local/lib/python3.8/site-packages/airflow/example_dags/example_task_group_decorator.py
[2023-09-09T06:37:24.706+0000] {processor.py:829} INFO - Processing file /home/airflow/.local/lib/python3.8/site-packages/airflow/example_dags/example_task_group_decorator.py for tasks to queue
[2023-09-09T06:37:24.724+0000] {logging_mixin.py:151} INFO - [2023-09-09T06:37:24.721+0000] {dagbag.py:539} INFO - Filling up the DagBag from /home/airflow/.local/lib/python3.8/site-packages/airflow/example_dags/example_task_group_decorator.py
[2023-09-09T06:37:24.808+0000] {processor.py:839} INFO - DAG(s) dict_keys(['example_task_group_decorator']) retrieved from /home/airflow/.local/lib/python3.8/site-packages/airflow/example_dags/example_task_group_decorator.py
[2023-09-09T06:37:24.866+0000] {logging_mixin.py:151} INFO - [2023-09-09T06:37:24.866+0000] {dag.py:2915} INFO - Sync 1 DAGs
[2023-09-09T06:37:24.916+0000] {logging_mixin.py:151} INFO - [2023-09-09T06:37:24.915+0000] {dag.py:3696} INFO - Setting next_dagrun for example_task_group_decorator to 2023-09-08T06:37:24.915471+00:00, run_after=2023-09-09T06:37:24.915471+00:00
[2023-09-09T06:37:24.961+0000] {processor.py:179} INFO - Processing /home/airflow/.local/lib/python3.8/site-packages/airflow/example_dags/example_task_group_decorator.py took 0.274 seconds
[2023-09-09T06:37:56.864+0000] {processor.py:157} INFO - Started process (PID=90) to work on /home/airflow/.local/lib/python3.8/site-packages/airflow/example_dags/example_task_group_decorator.py
[2023-09-09T06:37:56.873+0000] {processor.py:829} INFO - Processing file /home/airflow/.local/lib/python3.8/site-packages/airflow/example_dags/example_task_group_decorator.py for tasks to queue
[2023-09-09T06:37:56.952+0000] {logging_mixin.py:151} INFO - [2023-09-09T06:37:56.942+0000] {dagbag.py:539} INFO - Filling up the DagBag from /home/airflow/.local/lib/python3.8/site-packages/airflow/example_dags/example_task_group_decorator.py
[2023-09-09T06:37:57.129+0000] {processor.py:839} INFO - DAG(s) dict_keys(['example_task_group_decorator']) retrieved from /home/airflow/.local/lib/python3.8/site-packages/airflow/example_dags/example_task_group_decorator.py
[2023-09-09T06:37:57.357+0000] {logging_mixin.py:151} INFO - [2023-09-09T06:37:57.356+0000] {dag.py:2915} INFO - Sync 1 DAGs
[2023-09-09T06:37:57.497+0000] {logging_mixin.py:151} INFO - [2023-09-09T06:37:57.494+0000] {dag.py:3696} INFO - Setting next_dagrun for example_task_group_decorator to 2023-09-08T06:37:57.487297+00:00, run_after=2023-09-09T06:37:57.487297+00:00
[2023-09-09T06:37:58.482+0000] {processor.py:179} INFO - Processing /home/airflow/.local/lib/python3.8/site-packages/airflow/example_dags/example_task_group_decorator.py took 3.250 seconds
[2023-09-09T06:38:29.473+0000] {processor.py:157} INFO - Started process (PID=145) to work on /home/airflow/.local/lib/python3.8/site-packages/airflow/example_dags/example_task_group_decorator.py
[2023-09-09T06:38:29.476+0000] {processor.py:829} INFO - Processing file /home/airflow/.local/lib/python3.8/site-packages/airflow/example_dags/example_task_group_decorator.py for tasks to queue
[2023-09-09T06:38:29.491+0000] {logging_mixin.py:151} INFO - [2023-09-09T06:38:29.489+0000] {dagbag.py:539} INFO - Filling up the DagBag from /home/airflow/.local/lib/python3.8/site-packages/airflow/example_dags/example_task_group_decorator.py
[2023-09-09T06:38:29.579+0000] {processor.py:839} INFO - DAG(s) dict_keys(['example_task_group_decorator']) retrieved from /home/airflow/.local/lib/python3.8/site-packages/airflow/example_dags/example_task_group_decorator.py
[2023-09-09T06:38:29.705+0000] {logging_mixin.py:151} INFO - [2023-09-09T06:38:29.704+0000] {dag.py:2915} INFO - Sync 1 DAGs
[2023-09-09T06:38:29.805+0000] {logging_mixin.py:151} INFO - [2023-09-09T06:38:29.805+0000] {dag.py:3696} INFO - Setting next_dagrun for example_task_group_decorator to 2023-09-08T06:38:29.804719+00:00, run_after=2023-09-09T06:38:29.804719+00:00
[2023-09-09T06:38:29.832+0000] {processor.py:179} INFO - Processing /home/airflow/.local/lib/python3.8/site-packages/airflow/example_dags/example_task_group_decorator.py took 0.393 seconds
[2023-09-09T06:39:03.808+0000] {processor.py:157} INFO - Started process (PID=200) to work on /home/airflow/.local/lib/python3.8/site-packages/airflow/example_dags/example_task_group_decorator.py
[2023-09-09T06:39:03.824+0000] {processor.py:829} INFO - Processing file /home/airflow/.local/lib/python3.8/site-packages/airflow/example_dags/example_task_group_decorator.py for tasks to queue
[2023-09-09T06:39:03.880+0000] {logging_mixin.py:151} INFO - [2023-09-09T06:39:03.860+0000] {dagbag.py:539} INFO - Filling up the DagBag from /home/airflow/.local/lib/python3.8/site-packages/airflow/example_dags/example_task_group_decorator.py
[2023-09-09T06:39:04.411+0000] {processor.py:839} INFO - DAG(s) dict_keys(['example_task_group_decorator']) retrieved from /home/airflow/.local/lib/python3.8/site-packages/airflow/example_dags/example_task_group_decorator.py
[2023-09-09T06:39:09.131+0000] {logging_mixin.py:151} INFO - [2023-09-09T06:39:09.131+0000] {dag.py:2915} INFO - Sync 1 DAGs
[2023-09-09T06:39:09.279+0000] {logging_mixin.py:151} INFO - [2023-09-09T06:39:09.279+0000] {dag.py:3696} INFO - Setting next_dagrun for example_task_group_decorator to 2023-09-08T06:39:09.272300+00:00, run_after=2023-09-09T06:39:09.272300+00:00
[2023-09-09T06:39:09.349+0000] {processor.py:179} INFO - Processing /home/airflow/.local/lib/python3.8/site-packages/airflow/example_dags/example_task_group_decorator.py took 5.734 seconds
[2023-09-09T06:39:39.781+0000] {processor.py:157} INFO - Started process (PID=254) to work on /home/airflow/.local/lib/python3.8/site-packages/airflow/example_dags/example_task_group_decorator.py
[2023-09-09T06:39:39.792+0000] {processor.py:829} INFO - Processing file /home/airflow/.local/lib/python3.8/site-packages/airflow/example_dags/example_task_group_decorator.py for tasks to queue
[2023-09-09T06:39:39.829+0000] {logging_mixin.py:151} INFO - [2023-09-09T06:39:39.821+0000] {dagbag.py:539} INFO - Filling up the DagBag from /home/airflow/.local/lib/python3.8/site-packages/airflow/example_dags/example_task_group_decorator.py
[2023-09-09T06:39:40.013+0000] {processor.py:839} INFO - DAG(s) dict_keys(['example_task_group_decorator']) retrieved from /home/airflow/.local/lib/python3.8/site-packages/airflow/example_dags/example_task_group_decorator.py
[2023-09-09T06:39:41.011+0000] {logging_mixin.py:151} INFO - [2023-09-09T06:39:40.996+0000] {dag.py:2915} INFO - Sync 1 DAGs
[2023-09-09T06:39:41.409+0000] {logging_mixin.py:151} INFO - [2023-09-09T06:39:41.408+0000] {dag.py:3696} INFO - Setting next_dagrun for example_task_group_decorator to 2023-09-08T06:39:41.397412+00:00, run_after=2023-09-09T06:39:41.397412+00:00
[2023-09-09T06:39:41.495+0000] {processor.py:179} INFO - Processing /home/airflow/.local/lib/python3.8/site-packages/airflow/example_dags/example_task_group_decorator.py took 1.760 seconds
