[2023-09-09T06:37:37.075+0000] {processor.py:157} INFO - Started process (PID=72) to work on /home/airflow/.local/lib/python3.8/site-packages/airflow/example_dags/example_sensors.py
[2023-09-09T06:37:37.133+0000] {processor.py:829} INFO - Processing file /home/airflow/.local/lib/python3.8/site-packages/airflow/example_dags/example_sensors.py for tasks to queue
[2023-09-09T06:37:37.191+0000] {logging_mixin.py:151} INFO - [2023-09-09T06:37:37.184+0000] {dagbag.py:539} INFO - Filling up the DagBag from /home/airflow/.local/lib/python3.8/site-packages/airflow/example_dags/example_sensors.py
[2023-09-09T06:37:37.231+0000] {processor.py:839} INFO - DAG(s) dict_keys(['example_sensors']) retrieved from /home/airflow/.local/lib/python3.8/site-packages/airflow/example_dags/example_sensors.py
[2023-09-09T06:37:37.384+0000] {logging_mixin.py:151} INFO - [2023-09-09T06:37:37.381+0000] {dag.py:2915} INFO - Sync 1 DAGs
[2023-09-09T06:37:37.497+0000] {logging_mixin.py:151} INFO - [2023-09-09T06:37:37.492+0000] {dag.py:3696} INFO - Setting next_dagrun for example_sensors to None, run_after=None
[2023-09-09T06:37:37.844+0000] {processor.py:179} INFO - Processing /home/airflow/.local/lib/python3.8/site-packages/airflow/example_dags/example_sensors.py took 0.790 seconds
[2023-09-09T06:38:08.399+0000] {processor.py:157} INFO - Started process (PID=128) to work on /home/airflow/.local/lib/python3.8/site-packages/airflow/example_dags/example_sensors.py
[2023-09-09T06:38:08.401+0000] {processor.py:829} INFO - Processing file /home/airflow/.local/lib/python3.8/site-packages/airflow/example_dags/example_sensors.py for tasks to queue
[2023-09-09T06:38:08.405+0000] {logging_mixin.py:151} INFO - [2023-09-09T06:38:08.405+0000] {dagbag.py:539} INFO - Filling up the DagBag from /home/airflow/.local/lib/python3.8/site-packages/airflow/example_dags/example_sensors.py
[2023-09-09T06:38:08.418+0000] {processor.py:839} INFO - DAG(s) dict_keys(['example_sensors']) retrieved from /home/airflow/.local/lib/python3.8/site-packages/airflow/example_dags/example_sensors.py
[2023-09-09T06:38:08.460+0000] {logging_mixin.py:151} INFO - [2023-09-09T06:38:08.460+0000] {dag.py:2915} INFO - Sync 1 DAGs
[2023-09-09T06:38:08.477+0000] {logging_mixin.py:151} INFO - [2023-09-09T06:38:08.477+0000] {dag.py:3696} INFO - Setting next_dagrun for example_sensors to None, run_after=None
[2023-09-09T06:38:08.506+0000] {processor.py:179} INFO - Processing /home/airflow/.local/lib/python3.8/site-packages/airflow/example_dags/example_sensors.py took 0.111 seconds
[2023-09-09T06:38:43.732+0000] {processor.py:157} INFO - Started process (PID=191) to work on /home/airflow/.local/lib/python3.8/site-packages/airflow/example_dags/example_sensors.py
[2023-09-09T06:38:43.734+0000] {processor.py:829} INFO - Processing file /home/airflow/.local/lib/python3.8/site-packages/airflow/example_dags/example_sensors.py for tasks to queue
[2023-09-09T06:38:43.738+0000] {logging_mixin.py:151} INFO - [2023-09-09T06:38:43.737+0000] {dagbag.py:539} INFO - Filling up the DagBag from /home/airflow/.local/lib/python3.8/site-packages/airflow/example_dags/example_sensors.py
[2023-09-09T06:38:43.756+0000] {processor.py:839} INFO - DAG(s) dict_keys(['example_sensors']) retrieved from /home/airflow/.local/lib/python3.8/site-packages/airflow/example_dags/example_sensors.py
[2023-09-09T06:38:43.799+0000] {logging_mixin.py:151} INFO - [2023-09-09T06:38:43.799+0000] {dag.py:2915} INFO - Sync 1 DAGs
[2023-09-09T06:38:43.822+0000] {logging_mixin.py:151} INFO - [2023-09-09T06:38:43.822+0000] {dag.py:3696} INFO - Setting next_dagrun for example_sensors to None, run_after=None
[2023-09-09T06:38:43.858+0000] {processor.py:179} INFO - Processing /home/airflow/.local/lib/python3.8/site-packages/airflow/example_dags/example_sensors.py took 0.131 seconds
[2023-09-09T06:39:14.075+0000] {processor.py:157} INFO - Started process (PID=245) to work on /home/airflow/.local/lib/python3.8/site-packages/airflow/example_dags/example_sensors.py
[2023-09-09T06:39:14.077+0000] {processor.py:829} INFO - Processing file /home/airflow/.local/lib/python3.8/site-packages/airflow/example_dags/example_sensors.py for tasks to queue
[2023-09-09T06:39:14.083+0000] {logging_mixin.py:151} INFO - [2023-09-09T06:39:14.083+0000] {dagbag.py:539} INFO - Filling up the DagBag from /home/airflow/.local/lib/python3.8/site-packages/airflow/example_dags/example_sensors.py
[2023-09-09T06:39:14.103+0000] {processor.py:839} INFO - DAG(s) dict_keys(['example_sensors']) retrieved from /home/airflow/.local/lib/python3.8/site-packages/airflow/example_dags/example_sensors.py
[2023-09-09T06:39:14.145+0000] {logging_mixin.py:151} INFO - [2023-09-09T06:39:14.145+0000] {dag.py:2915} INFO - Sync 1 DAGs
[2023-09-09T06:39:14.165+0000] {logging_mixin.py:151} INFO - [2023-09-09T06:39:14.165+0000] {dag.py:3696} INFO - Setting next_dagrun for example_sensors to None, run_after=None
[2023-09-09T06:39:14.207+0000] {processor.py:179} INFO - Processing /home/airflow/.local/lib/python3.8/site-packages/airflow/example_dags/example_sensors.py took 0.139 seconds
