[2023-09-09T06:37:25.646+0000] {processor.py:157} INFO - Started process (PID=40) to work on /home/airflow/.local/lib/python3.8/site-packages/airflow/example_dags/example_branch_python_dop_operator_3.py
[2023-09-09T06:37:25.651+0000] {processor.py:829} INFO - Processing file /home/airflow/.local/lib/python3.8/site-packages/airflow/example_dags/example_branch_python_dop_operator_3.py for tasks to queue
[2023-09-09T06:37:25.657+0000] {logging_mixin.py:151} INFO - [2023-09-09T06:37:25.656+0000] {dagbag.py:539} INFO - Filling up the DagBag from /home/airflow/.local/lib/python3.8/site-packages/airflow/example_dags/example_branch_python_dop_operator_3.py
[2023-09-09T06:37:25.677+0000] {processor.py:839} INFO - DAG(s) dict_keys(['example_branch_dop_operator_v3']) retrieved from /home/airflow/.local/lib/python3.8/site-packages/airflow/example_dags/example_branch_python_dop_operator_3.py
[2023-09-09T06:37:25.697+0000] {logging_mixin.py:151} INFO - [2023-09-09T06:37:25.697+0000] {dag.py:2915} INFO - Sync 1 DAGs
[2023-09-09T06:37:25.743+0000] {logging_mixin.py:151} INFO - [2023-09-09T06:37:25.743+0000] {dag.py:3696} INFO - Setting next_dagrun for example_branch_dop_operator_v3 to 2023-09-09T06:36:00+00:00, run_after=2023-09-09T06:37:00+00:00
[2023-09-09T06:37:25.770+0000] {processor.py:179} INFO - Processing /home/airflow/.local/lib/python3.8/site-packages/airflow/example_dags/example_branch_python_dop_operator_3.py took 0.129 seconds
[2023-09-09T06:37:58.923+0000] {processor.py:157} INFO - Started process (PID=96) to work on /home/airflow/.local/lib/python3.8/site-packages/airflow/example_dags/example_branch_python_dop_operator_3.py
[2023-09-09T06:37:58.925+0000] {processor.py:829} INFO - Processing file /home/airflow/.local/lib/python3.8/site-packages/airflow/example_dags/example_branch_python_dop_operator_3.py for tasks to queue
[2023-09-09T06:37:58.929+0000] {logging_mixin.py:151} INFO - [2023-09-09T06:37:58.929+0000] {dagbag.py:539} INFO - Filling up the DagBag from /home/airflow/.local/lib/python3.8/site-packages/airflow/example_dags/example_branch_python_dop_operator_3.py
[2023-09-09T06:37:58.942+0000] {processor.py:839} INFO - DAG(s) dict_keys(['example_branch_dop_operator_v3']) retrieved from /home/airflow/.local/lib/python3.8/site-packages/airflow/example_dags/example_branch_python_dop_operator_3.py
[2023-09-09T06:37:58.966+0000] {logging_mixin.py:151} INFO - [2023-09-09T06:37:58.966+0000] {dag.py:2915} INFO - Sync 1 DAGs
[2023-09-09T06:37:58.996+0000] {logging_mixin.py:151} INFO - [2023-09-09T06:37:58.996+0000] {dag.py:3696} INFO - Setting next_dagrun for example_branch_dop_operator_v3 to 2023-09-09T06:36:00+00:00, run_after=2023-09-09T06:37:00+00:00
[2023-09-09T06:37:59.016+0000] {processor.py:179} INFO - Processing /home/airflow/.local/lib/python3.8/site-packages/airflow/example_dags/example_branch_python_dop_operator_3.py took 0.097 seconds
[2023-09-09T06:38:30.200+0000] {processor.py:157} INFO - Started process (PID=151) to work on /home/airflow/.local/lib/python3.8/site-packages/airflow/example_dags/example_branch_python_dop_operator_3.py
[2023-09-09T06:38:30.202+0000] {processor.py:829} INFO - Processing file /home/airflow/.local/lib/python3.8/site-packages/airflow/example_dags/example_branch_python_dop_operator_3.py for tasks to queue
[2023-09-09T06:38:30.206+0000] {logging_mixin.py:151} INFO - [2023-09-09T06:38:30.206+0000] {dagbag.py:539} INFO - Filling up the DagBag from /home/airflow/.local/lib/python3.8/site-packages/airflow/example_dags/example_branch_python_dop_operator_3.py
[2023-09-09T06:38:30.222+0000] {processor.py:839} INFO - DAG(s) dict_keys(['example_branch_dop_operator_v3']) retrieved from /home/airflow/.local/lib/python3.8/site-packages/airflow/example_dags/example_branch_python_dop_operator_3.py
[2023-09-09T06:38:30.252+0000] {logging_mixin.py:151} INFO - [2023-09-09T06:38:30.252+0000] {dag.py:2915} INFO - Sync 1 DAGs
[2023-09-09T06:38:30.290+0000] {logging_mixin.py:151} INFO - [2023-09-09T06:38:30.290+0000] {dag.py:3696} INFO - Setting next_dagrun for example_branch_dop_operator_v3 to 2023-09-09T06:37:00+00:00, run_after=2023-09-09T06:38:00+00:00
[2023-09-09T06:38:30.317+0000] {processor.py:179} INFO - Processing /home/airflow/.local/lib/python3.8/site-packages/airflow/example_dags/example_branch_python_dop_operator_3.py took 0.124 seconds
[2023-09-09T06:39:09.928+0000] {processor.py:157} INFO - Started process (PID=206) to work on /home/airflow/.local/lib/python3.8/site-packages/airflow/example_dags/example_branch_python_dop_operator_3.py
[2023-09-09T06:39:09.930+0000] {processor.py:829} INFO - Processing file /home/airflow/.local/lib/python3.8/site-packages/airflow/example_dags/example_branch_python_dop_operator_3.py for tasks to queue
[2023-09-09T06:39:09.934+0000] {logging_mixin.py:151} INFO - [2023-09-09T06:39:09.933+0000] {dagbag.py:539} INFO - Filling up the DagBag from /home/airflow/.local/lib/python3.8/site-packages/airflow/example_dags/example_branch_python_dop_operator_3.py
[2023-09-09T06:39:09.953+0000] {processor.py:839} INFO - DAG(s) dict_keys(['example_branch_dop_operator_v3']) retrieved from /home/airflow/.local/lib/python3.8/site-packages/airflow/example_dags/example_branch_python_dop_operator_3.py
[2023-09-09T06:39:09.988+0000] {logging_mixin.py:151} INFO - [2023-09-09T06:39:09.988+0000] {dag.py:2915} INFO - Sync 1 DAGs
[2023-09-09T06:39:10.031+0000] {logging_mixin.py:151} INFO - [2023-09-09T06:39:10.031+0000] {dag.py:3696} INFO - Setting next_dagrun for example_branch_dop_operator_v3 to 2023-09-09T06:38:00+00:00, run_after=2023-09-09T06:39:00+00:00
[2023-09-09T06:39:10.064+0000] {processor.py:179} INFO - Processing /home/airflow/.local/lib/python3.8/site-packages/airflow/example_dags/example_branch_python_dop_operator_3.py took 0.142 seconds
