[2023-09-09T06:37:27.573+0000] {processor.py:157} INFO - Started process (PID=57) to work on /home/airflow/.local/lib/python3.8/site-packages/airflow/example_dags/tutorial_dag.py
[2023-09-09T06:37:27.575+0000] {processor.py:829} INFO - Processing file /home/airflow/.local/lib/python3.8/site-packages/airflow/example_dags/tutorial_dag.py for tasks to queue
[2023-09-09T06:37:27.588+0000] {logging_mixin.py:151} INFO - [2023-09-09T06:37:27.588+0000] {dagbag.py:539} INFO - Filling up the DagBag from /home/airflow/.local/lib/python3.8/site-packages/airflow/example_dags/tutorial_dag.py
[2023-09-09T06:37:27.608+0000] {processor.py:839} INFO - DAG(s) dict_keys(['tutorial_dag']) retrieved from /home/airflow/.local/lib/python3.8/site-packages/airflow/example_dags/tutorial_dag.py
[2023-09-09T06:37:27.629+0000] {logging_mixin.py:151} INFO - [2023-09-09T06:37:27.629+0000] {dag.py:2915} INFO - Sync 1 DAGs
[2023-09-09T06:37:27.653+0000] {logging_mixin.py:151} INFO - [2023-09-09T06:37:27.653+0000] {dag.py:3696} INFO - Setting next_dagrun for tutorial_dag to None, run_after=None
[2023-09-09T06:37:27.697+0000] {processor.py:179} INFO - Processing /home/airflow/.local/lib/python3.8/site-packages/airflow/example_dags/tutorial_dag.py took 0.128 seconds
[2023-09-09T06:38:00.240+0000] {processor.py:157} INFO - Started process (PID=112) to work on /home/airflow/.local/lib/python3.8/site-packages/airflow/example_dags/tutorial_dag.py
[2023-09-09T06:38:00.242+0000] {processor.py:829} INFO - Processing file /home/airflow/.local/lib/python3.8/site-packages/airflow/example_dags/tutorial_dag.py for tasks to queue
[2023-09-09T06:38:00.246+0000] {logging_mixin.py:151} INFO - [2023-09-09T06:38:00.245+0000] {dagbag.py:539} INFO - Filling up the DagBag from /home/airflow/.local/lib/python3.8/site-packages/airflow/example_dags/tutorial_dag.py
[2023-09-09T06:38:00.254+0000] {processor.py:839} INFO - DAG(s) dict_keys(['tutorial_dag']) retrieved from /home/airflow/.local/lib/python3.8/site-packages/airflow/example_dags/tutorial_dag.py
[2023-09-09T06:38:00.290+0000] {logging_mixin.py:151} INFO - [2023-09-09T06:38:00.290+0000] {dag.py:2915} INFO - Sync 1 DAGs
[2023-09-09T06:38:00.312+0000] {logging_mixin.py:151} INFO - [2023-09-09T06:38:00.311+0000] {dag.py:3696} INFO - Setting next_dagrun for tutorial_dag to None, run_after=None
[2023-09-09T06:38:00.337+0000] {processor.py:179} INFO - Processing /home/airflow/.local/lib/python3.8/site-packages/airflow/example_dags/tutorial_dag.py took 0.102 seconds
[2023-09-09T06:38:31.515+0000] {processor.py:157} INFO - Started process (PID=167) to work on /home/airflow/.local/lib/python3.8/site-packages/airflow/example_dags/tutorial_dag.py
[2023-09-09T06:38:31.517+0000] {processor.py:829} INFO - Processing file /home/airflow/.local/lib/python3.8/site-packages/airflow/example_dags/tutorial_dag.py for tasks to queue
[2023-09-09T06:38:31.522+0000] {logging_mixin.py:151} INFO - [2023-09-09T06:38:31.521+0000] {dagbag.py:539} INFO - Filling up the DagBag from /home/airflow/.local/lib/python3.8/site-packages/airflow/example_dags/tutorial_dag.py
[2023-09-09T06:38:31.534+0000] {processor.py:839} INFO - DAG(s) dict_keys(['tutorial_dag']) retrieved from /home/airflow/.local/lib/python3.8/site-packages/airflow/example_dags/tutorial_dag.py
[2023-09-09T06:38:31.570+0000] {logging_mixin.py:151} INFO - [2023-09-09T06:38:31.569+0000] {dag.py:2915} INFO - Sync 1 DAGs
[2023-09-09T06:38:31.595+0000] {logging_mixin.py:151} INFO - [2023-09-09T06:38:31.594+0000] {dag.py:3696} INFO - Setting next_dagrun for tutorial_dag to None, run_after=None
[2023-09-09T06:38:31.631+0000] {processor.py:179} INFO - Processing /home/airflow/.local/lib/python3.8/site-packages/airflow/example_dags/tutorial_dag.py took 0.121 seconds
[2023-09-09T06:39:11.829+0000] {processor.py:157} INFO - Started process (PID=223) to work on /home/airflow/.local/lib/python3.8/site-packages/airflow/example_dags/tutorial_dag.py
[2023-09-09T06:39:11.831+0000] {processor.py:829} INFO - Processing file /home/airflow/.local/lib/python3.8/site-packages/airflow/example_dags/tutorial_dag.py for tasks to queue
[2023-09-09T06:39:11.837+0000] {logging_mixin.py:151} INFO - [2023-09-09T06:39:11.836+0000] {dagbag.py:539} INFO - Filling up the DagBag from /home/airflow/.local/lib/python3.8/site-packages/airflow/example_dags/tutorial_dag.py
[2023-09-09T06:39:11.849+0000] {processor.py:839} INFO - DAG(s) dict_keys(['tutorial_dag']) retrieved from /home/airflow/.local/lib/python3.8/site-packages/airflow/example_dags/tutorial_dag.py
[2023-09-09T06:39:11.879+0000] {logging_mixin.py:151} INFO - [2023-09-09T06:39:11.879+0000] {dag.py:2915} INFO - Sync 1 DAGs
[2023-09-09T06:39:11.902+0000] {logging_mixin.py:151} INFO - [2023-09-09T06:39:11.901+0000] {dag.py:3696} INFO - Setting next_dagrun for tutorial_dag to None, run_after=None
[2023-09-09T06:39:11.926+0000] {processor.py:179} INFO - Processing /home/airflow/.local/lib/python3.8/site-packages/airflow/example_dags/tutorial_dag.py took 0.103 seconds
